{"timestamp":"2025-06-30T07:40:56.668551","level":"info","event":"DAG bundles loaded: dags-folder, example_dags","logger":"airflow.dag_processing.bundles.manager.DagBundlesManager"}
{"timestamp":"2025-06-30T07:40:56.668971","level":"info","event":"Filling up the DagBag from /opt/airflow/dags/dag_go_k8s.py","logger":"airflow.models.dagbag.DagBag"}
{"timestamp":"2025-06-30T07:40:56.790300Z","level":"info","event":"Task instance is in running state","chan":"stdout","logger":"task"}
{"timestamp":"2025-06-30T07:40:56.790692Z","level":"info","event":" Previous state of the Task instance: queued","chan":"stdout","logger":"task"}
{"timestamp":"2025-06-30T07:40:56.790886Z","level":"info","event":"Current task name:run_go_app_with_resources","chan":"stdout","logger":"task"}
{"timestamp":"2025-06-30T07:40:56.791146Z","level":"info","event":"Dag name:go_app_k8s_demo","chan":"stdout","logger":"task"}
{"timestamp":"2025-06-30T07:40:56.781176","level":"info","event":"Building pod go-app-with-resources-car3a61x with labels: {'dag_id': 'go_app_k8s_demo', 'task_id': 'run_go_app_with_resources', 'run_id': 'manual__2025-06-30T074035.1575720000-fe26cd55e', 'kubernetes_pod_operator': 'True', 'try_number': '1'}","logger":"airflow.task.operators.airflow.providers.cncf.kubernetes.operators.pod.KubernetesPodOperator"}
{"timestamp":"2025-06-30T07:40:56.782856","level":"info","event":"Secrets backends loaded for worker","count":1,"backend_classes":["EnvironmentVariablesBackend"],"logger":"supervisor"}
{"timestamp":"2025-06-30T07:40:57.047928","level":"warning","event":"/home/airflow/.local/lib/python3.12/site-packages/urllib3/connectionpool.py:1097: InsecureRequestWarning: Unverified HTTPS request is being made to host 'host.docker.internal'. Adding certificate verification is strongly advised. See: https://urllib3.readthedocs.io/en/latest/advanced-usage.html#tls-warnings\n  warnings.warn(\n","logger":"py.warnings"}
{"timestamp":"2025-06-30T07:40:57.055963","level":"warning","event":"/home/airflow/.local/lib/python3.12/site-packages/urllib3/connectionpool.py:1097: InsecureRequestWarning: Unverified HTTPS request is being made to host 'host.docker.internal'. Adding certificate verification is strongly advised. See: https://urllib3.readthedocs.io/en/latest/advanced-usage.html#tls-warnings\n  warnings.warn(\n","logger":"py.warnings"}
{"timestamp":"2025-06-30T07:40:57.066625","level":"warning","event":"/home/airflow/.local/lib/python3.12/site-packages/urllib3/connectionpool.py:1097: InsecureRequestWarning: Unverified HTTPS request is being made to host 'host.docker.internal'. Adding certificate verification is strongly advised. See: https://urllib3.readthedocs.io/en/latest/advanced-usage.html#tls-warnings\n  warnings.warn(\n","logger":"py.warnings"}
{"timestamp":"2025-06-30T07:40:57.079181","level":"info","event":"Found matching pod go-app-with-resources-car3a61x with labels {'airflow_kpo_in_cluster': 'False', 'airflow_version': '3.0.0', 'dag_id': 'go_app_k8s_demo', 'kubernetes_pod_operator': 'True', 'run_id': 'manual__2025-06-30T074035.1575720000-fe26cd55e', 'task_id': 'run_go_app_with_resources', 'try_number': '1'}","logger":"airflow.task.operators.airflow.providers.cncf.kubernetes.operators.pod.KubernetesPodOperator"}
{"timestamp":"2025-06-30T07:40:57.079892","level":"info","event":"`try_number` of task_instance: 1","logger":"airflow.task.operators.airflow.providers.cncf.kubernetes.operators.pod.KubernetesPodOperator"}
{"timestamp":"2025-06-30T07:40:57.079950","level":"info","event":"`try_number` of pod: 1","logger":"airflow.task.operators.airflow.providers.cncf.kubernetes.operators.pod.KubernetesPodOperator"}
{"timestamp":"2025-06-30T07:40:57.080362","level":"warning","event":"/home/airflow/.local/lib/python3.12/site-packages/urllib3/connectionpool.py:1097: InsecureRequestWarning: Unverified HTTPS request is being made to host 'host.docker.internal'. Adding certificate verification is strongly advised. See: https://urllib3.readthedocs.io/en/latest/advanced-usage.html#tls-warnings\n  warnings.warn(\n","logger":"py.warnings"}
{"timestamp":"2025-06-30T07:40:57.087322","level":"warning","event":"Pod not yet started: go-app-with-resources-car3a61x","logger":"airflow.providers.cncf.kubernetes.utils.pod_manager.PodManager"}
{"timestamp":"2025-06-30T07:41:02.088551","level":"warning","event":"/home/airflow/.local/lib/python3.12/site-packages/urllib3/connectionpool.py:1097: InsecureRequestWarning: Unverified HTTPS request is being made to host 'host.docker.internal'. Adding certificate verification is strongly advised. See: https://urllib3.readthedocs.io/en/latest/advanced-usage.html#tls-warnings\n  warnings.warn(\n","logger":"py.warnings"}
{"timestamp":"2025-06-30T07:41:02.101074","level":"warning","event":"/home/airflow/.local/lib/python3.12/site-packages/urllib3/connectionpool.py:1097: InsecureRequestWarning: Unverified HTTPS request is being made to host 'host.docker.internal'. Adding certificate verification is strongly advised. See: https://urllib3.readthedocs.io/en/latest/advanced-usage.html#tls-warnings\n  warnings.warn(\n","logger":"py.warnings"}
{"timestamp":"2025-06-30T07:41:02.111308","level":"warning","event":"/home/airflow/.local/lib/python3.12/site-packages/urllib3/connectionpool.py:1097: InsecureRequestWarning: Unverified HTTPS request is being made to host 'host.docker.internal'. Adding certificate verification is strongly advised. See: https://urllib3.readthedocs.io/en/latest/advanced-usage.html#tls-warnings\n  warnings.warn(\n","logger":"py.warnings"}
{"timestamp":"2025-06-30T07:41:02.128560","level":"warning","event":"/home/airflow/.local/lib/python3.12/site-packages/urllib3/connectionpool.py:1097: InsecureRequestWarning: Unverified HTTPS request is being made to host 'host.docker.internal'. Adding certificate verification is strongly advised. See: https://urllib3.readthedocs.io/en/latest/advanced-usage.html#tls-warnings\n  warnings.warn(\n","logger":"py.warnings"}
{"timestamp":"2025-06-30T07:41:02.137203","level":"info","event":"[base] time=\"2025-06-30T07:40:57Z\" level=info msg=\"Starting go-sample-app with config type: env\"","logger":"airflow.providers.cncf.kubernetes.utils.pod_manager.PodManager"}
{"timestamp":"2025-06-30T07:41:02.137296","level":"info","event":"[base] time=\"2025-06-30T07:40:57Z\" level=info msg=\"Using environment variables for configuration\"","logger":"airflow.providers.cncf.kubernetes.utils.pod_manager.PodManager"}
{"timestamp":"2025-06-30T07:41:02.137399","level":"info","event":"[base] time=\"2025-06-30T07:40:57Z\" level=info msg=\"Configuration loaded in 75.167µs\"","logger":"airflow.providers.cncf.kubernetes.utils.pod_manager.PodManager"}
{"timestamp":"2025-06-30T07:41:02.137464","level":"info","event":"[base] time=\"2025-06-30T07:40:57Z\" level=info msg=\"Final configuration (JSON):\"","logger":"airflow.providers.cncf.kubernetes.utils.pod_manager.PodManager"}
{"timestamp":"2025-06-30T07:41:02.137523","level":"info","event":"[base] {","logger":"airflow.providers.cncf.kubernetes.utils.pod_manager.PodManager"}
{"timestamp":"2025-06-30T07:41:02.137600","level":"info","event":"[base]   \"app_name\": \"go-sample-app\",","logger":"airflow.providers.cncf.kubernetes.utils.pod_manager.PodManager"}
{"timestamp":"2025-06-30T07:41:02.137638","level":"info","event":"[base]   \"version\": \"1.0.0\",","logger":"airflow.providers.cncf.kubernetes.utils.pod_manager.PodManager"}
{"timestamp":"2025-06-30T07:41:02.137686","level":"info","event":"[base]   \"port\": 8080,","logger":"airflow.providers.cncf.kubernetes.utils.pod_manager.PodManager"}
{"timestamp":"2025-06-30T07:41:02.137736","level":"info","event":"[base]   \"environment\": \"development\",","logger":"airflow.providers.cncf.kubernetes.utils.pod_manager.PodManager"}
{"timestamp":"2025-06-30T07:41:02.137767","level":"info","event":"[base]   \"database\": {","logger":"airflow.providers.cncf.kubernetes.utils.pod_manager.PodManager"}
{"timestamp":"2025-06-30T07:41:02.137798","level":"info","event":"[base]     \"host\": \"\",","logger":"airflow.providers.cncf.kubernetes.utils.pod_manager.PodManager"}
{"timestamp":"2025-06-30T07:41:02.137827","level":"info","event":"[base]     \"port\": 0,","logger":"airflow.providers.cncf.kubernetes.utils.pod_manager.PodManager"}
{"timestamp":"2025-06-30T07:41:02.137858","level":"info","event":"[base]     \"username\": \"\",","logger":"airflow.providers.cncf.kubernetes.utils.pod_manager.PodManager"}
{"timestamp":"2025-06-30T07:41:02.137916","level":"info","event":"[base]     \"password\": \"\",","logger":"airflow.providers.cncf.kubernetes.utils.pod_manager.PodManager"}
{"timestamp":"2025-06-30T07:41:02.288009Z","level":"info","event":"Task instance in success state","chan":"stdout","logger":"task"}
{"timestamp":"2025-06-30T07:41:02.288250Z","level":"info","event":" Previous state of the Task instance: running","chan":"stdout","logger":"task"}
{"timestamp":"2025-06-30T07:41:02.288396Z","level":"info","event":"Task operator:<Task(KubernetesPodOperator): run_go_app_with_resources>","chan":"stdout","logger":"task"}
{"timestamp":"2025-06-30T07:41:02.137971","level":"info","event":"[base]     \"database\": \"\"","logger":"airflow.providers.cncf.kubernetes.utils.pod_manager.PodManager"}
{"timestamp":"2025-06-30T07:41:02.138025","level":"info","event":"[base]   },","logger":"airflow.providers.cncf.kubernetes.utils.pod_manager.PodManager"}
{"timestamp":"2025-06-30T07:41:02.138056","level":"info","event":"[base]   \"features\": null,","logger":"airflow.providers.cncf.kubernetes.utils.pod_manager.PodManager"}
{"timestamp":"2025-06-30T07:41:02.138107","level":"info","event":"[base]   \"metadata\": null","logger":"airflow.providers.cncf.kubernetes.utils.pod_manager.PodManager"}
{"timestamp":"2025-06-30T07:41:02.138139","level":"info","event":"[base] }","logger":"airflow.providers.cncf.kubernetes.utils.pod_manager.PodManager"}
{"timestamp":"2025-06-30T07:41:02.138202","level":"info","event":"[base] time=\"2025-06-30T07:40:57Z\" level=info msg=\"Task completed successfully.\"\n","logger":"airflow.providers.cncf.kubernetes.utils.pod_manager.PodManager"}
{"timestamp":"2025-06-30T07:41:02.138589","level":"warning","event":"/home/airflow/.local/lib/python3.12/site-packages/urllib3/connectionpool.py:1097: InsecureRequestWarning: Unverified HTTPS request is being made to host 'host.docker.internal'. Adding certificate verification is strongly advised. See: https://urllib3.readthedocs.io/en/latest/advanced-usage.html#tls-warnings\n  warnings.warn(\n","logger":"py.warnings"}
{"timestamp":"2025-06-30T07:41:02.146827","level":"warning","event":"/home/airflow/.local/lib/python3.12/site-packages/urllib3/connectionpool.py:1097: InsecureRequestWarning: Unverified HTTPS request is being made to host 'host.docker.internal'. Adding certificate verification is strongly advised. See: https://urllib3.readthedocs.io/en/latest/advanced-usage.html#tls-warnings\n  warnings.warn(\n","logger":"py.warnings"}
{"timestamp":"2025-06-30T07:41:02.153214","level":"warning","event":"/home/airflow/.local/lib/python3.12/site-packages/urllib3/connectionpool.py:1097: InsecureRequestWarning: Unverified HTTPS request is being made to host 'host.docker.internal'. Adding certificate verification is strongly advised. See: https://urllib3.readthedocs.io/en/latest/advanced-usage.html#tls-warnings\n  warnings.warn(\n","logger":"py.warnings"}
{"timestamp":"2025-06-30T07:41:02.161782","level":"warning","event":"/home/airflow/.local/lib/python3.12/site-packages/urllib3/connectionpool.py:1097: InsecureRequestWarning: Unverified HTTPS request is being made to host 'host.docker.internal'. Adding certificate verification is strongly advised. See: https://urllib3.readthedocs.io/en/latest/advanced-usage.html#tls-warnings\n  warnings.warn(\n","logger":"py.warnings"}
{"timestamp":"2025-06-30T07:41:02.172730","level":"info","event":"Deleting pod: go-app-with-resources-car3a61x","logger":"airflow.task.operators.airflow.providers.cncf.kubernetes.operators.pod.KubernetesPodOperator"}
{"timestamp":"2025-06-30T07:41:02.173834","level":"warning","event":"/home/airflow/.local/lib/python3.12/site-packages/urllib3/connectionpool.py:1097: InsecureRequestWarning: Unverified HTTPS request is being made to host 'host.docker.internal'. Adding certificate verification is strongly advised. See: https://urllib3.readthedocs.io/en/latest/advanced-usage.html#tls-warnings\n  warnings.warn(\n","logger":"py.warnings"}
