{"timestamp":"2025-06-30T07:40:50.071391","level":"info","event":"DAG bundles loaded: dags-folder, example_dags","logger":"airflow.dag_processing.bundles.manager.DagBundlesManager"}
{"timestamp":"2025-06-30T07:40:50.071722","level":"info","event":"Filling up the DagBag from /opt/airflow/dags/dag_go_k8s.py","logger":"airflow.models.dagbag.DagBag"}
{"timestamp":"2025-06-30T07:40:50.434428Z","level":"info","event":"Task instance is in running state","chan":"stdout","logger":"task"}
{"timestamp":"2025-06-30T07:40:50.434681Z","level":"info","event":" Previous state of the Task instance: queued","chan":"stdout","logger":"task"}
{"timestamp":"2025-06-30T07:40:50.434808Z","level":"info","event":"Current task name:run_go_app_remote_config","chan":"stdout","logger":"task"}
{"timestamp":"2025-06-30T07:40:50.434924Z","level":"info","event":"Dag name:go_app_k8s_demo","chan":"stdout","logger":"task"}
{"timestamp":"2025-06-30T07:40:50.417948","level":"info","event":"Building pod go-app-remote-config-5d5w3w35 with labels: {'dag_id': 'go_app_k8s_demo', 'task_id': 'run_go_app_remote_config', 'run_id': 'manual__2025-06-30T074035.1575720000-fe26cd55e', 'kubernetes_pod_operator': 'True', 'try_number': '1'}","logger":"airflow.task.operators.airflow.providers.cncf.kubernetes.operators.pod.KubernetesPodOperator"}
{"timestamp":"2025-06-30T07:40:50.419539","level":"info","event":"Secrets backends loaded for worker","count":1,"backend_classes":["EnvironmentVariablesBackend"],"logger":"supervisor"}
{"timestamp":"2025-06-30T07:40:50.515584","level":"warning","event":"/home/airflow/.local/lib/python3.12/site-packages/urllib3/connectionpool.py:1097: InsecureRequestWarning: Unverified HTTPS request is being made to host 'host.docker.internal'. Adding certificate verification is strongly advised. See: https://urllib3.readthedocs.io/en/latest/advanced-usage.html#tls-warnings\n  warnings.warn(\n","logger":"py.warnings"}
{"timestamp":"2025-06-30T07:40:50.525365","level":"warning","event":"/home/airflow/.local/lib/python3.12/site-packages/urllib3/connectionpool.py:1097: InsecureRequestWarning: Unverified HTTPS request is being made to host 'host.docker.internal'. Adding certificate verification is strongly advised. See: https://urllib3.readthedocs.io/en/latest/advanced-usage.html#tls-warnings\n  warnings.warn(\n","logger":"py.warnings"}
{"timestamp":"2025-06-30T07:40:50.537562","level":"warning","event":"/home/airflow/.local/lib/python3.12/site-packages/urllib3/connectionpool.py:1097: InsecureRequestWarning: Unverified HTTPS request is being made to host 'host.docker.internal'. Adding certificate verification is strongly advised. See: https://urllib3.readthedocs.io/en/latest/advanced-usage.html#tls-warnings\n  warnings.warn(\n","logger":"py.warnings"}
{"timestamp":"2025-06-30T07:40:50.547174","level":"info","event":"Found matching pod go-app-remote-config-5d5w3w35 with labels {'airflow_kpo_in_cluster': 'False', 'airflow_version': '3.0.0', 'dag_id': 'go_app_k8s_demo', 'kubernetes_pod_operator': 'True', 'run_id': 'manual__2025-06-30T074035.1575720000-fe26cd55e', 'task_id': 'run_go_app_remote_config', 'try_number': '1'}","logger":"airflow.task.operators.airflow.providers.cncf.kubernetes.operators.pod.KubernetesPodOperator"}
{"timestamp":"2025-06-30T07:40:50.547963","level":"info","event":"`try_number` of task_instance: 1","logger":"airflow.task.operators.airflow.providers.cncf.kubernetes.operators.pod.KubernetesPodOperator"}
{"timestamp":"2025-06-30T07:40:50.548015","level":"info","event":"`try_number` of pod: 1","logger":"airflow.task.operators.airflow.providers.cncf.kubernetes.operators.pod.KubernetesPodOperator"}
{"timestamp":"2025-06-30T07:40:50.548645","level":"warning","event":"/home/airflow/.local/lib/python3.12/site-packages/urllib3/connectionpool.py:1097: InsecureRequestWarning: Unverified HTTPS request is being made to host 'host.docker.internal'. Adding certificate verification is strongly advised. See: https://urllib3.readthedocs.io/en/latest/advanced-usage.html#tls-warnings\n  warnings.warn(\n","logger":"py.warnings"}
{"timestamp":"2025-06-30T07:40:50.557715","level":"warning","event":"Pod not yet started: go-app-remote-config-5d5w3w35","logger":"airflow.providers.cncf.kubernetes.utils.pod_manager.PodManager"}
{"timestamp":"2025-06-30T07:40:55.559272","level":"warning","event":"/home/airflow/.local/lib/python3.12/site-packages/urllib3/connectionpool.py:1097: InsecureRequestWarning: Unverified HTTPS request is being made to host 'host.docker.internal'. Adding certificate verification is strongly advised. See: https://urllib3.readthedocs.io/en/latest/advanced-usage.html#tls-warnings\n  warnings.warn(\n","logger":"py.warnings"}
{"timestamp":"2025-06-30T07:40:55.568907","level":"warning","event":"/home/airflow/.local/lib/python3.12/site-packages/urllib3/connectionpool.py:1097: InsecureRequestWarning: Unverified HTTPS request is being made to host 'host.docker.internal'. Adding certificate verification is strongly advised. See: https://urllib3.readthedocs.io/en/latest/advanced-usage.html#tls-warnings\n  warnings.warn(\n","logger":"py.warnings"}
{"timestamp":"2025-06-30T07:40:55.576262","level":"warning","event":"/home/airflow/.local/lib/python3.12/site-packages/urllib3/connectionpool.py:1097: InsecureRequestWarning: Unverified HTTPS request is being made to host 'host.docker.internal'. Adding certificate verification is strongly advised. See: https://urllib3.readthedocs.io/en/latest/advanced-usage.html#tls-warnings\n  warnings.warn(\n","logger":"py.warnings"}
{"timestamp":"2025-06-30T07:40:55.590299","level":"warning","event":"/home/airflow/.local/lib/python3.12/site-packages/urllib3/connectionpool.py:1097: InsecureRequestWarning: Unverified HTTPS request is being made to host 'host.docker.internal'. Adding certificate verification is strongly advised. See: https://urllib3.readthedocs.io/en/latest/advanced-usage.html#tls-warnings\n  warnings.warn(\n","logger":"py.warnings"}
{"timestamp":"2025-06-30T07:40:55.597206","level":"info","event":"[base] time=\"2025-06-30T07:40:51Z\" level=info msg=\"Starting go-sample-app with config type: remote\"","logger":"airflow.providers.cncf.kubernetes.utils.pod_manager.PodManager"}
{"timestamp":"2025-06-30T07:40:55.597302","level":"info","event":"[base] time=\"2025-06-30T07:40:51Z\" level=warning msg=\"Failed to load remote config: failed to fetch remote config, status: 404\"","logger":"airflow.providers.cncf.kubernetes.utils.pod_manager.PodManager"}
{"timestamp":"2025-06-30T07:40:55.597349","level":"info","event":"[base] time=\"2025-06-30T07:40:51Z\" level=info msg=\"Configuration loaded in 429.680375ms\"","logger":"airflow.providers.cncf.kubernetes.utils.pod_manager.PodManager"}
{"timestamp":"2025-06-30T07:40:55.597387","level":"info","event":"[base] time=\"2025-06-30T07:40:51Z\" level=info msg=\"Final configuration (JSON):\"","logger":"airflow.providers.cncf.kubernetes.utils.pod_manager.PodManager"}
{"timestamp":"2025-06-30T07:40:55.597423","level":"info","event":"[base] time=\"2025-06-30T07:40:51Z\" level=info msg=\"Task completed successfully.\"","logger":"airflow.providers.cncf.kubernetes.utils.pod_manager.PodManager"}
{"timestamp":"2025-06-30T07:40:55.597492","level":"info","event":"[base] {","logger":"airflow.providers.cncf.kubernetes.utils.pod_manager.PodManager"}
{"timestamp":"2025-06-30T07:40:55.597527","level":"info","event":"[base]   \"app_name\": \"go-sample-app\",","logger":"airflow.providers.cncf.kubernetes.utils.pod_manager.PodManager"}
{"timestamp":"2025-06-30T07:40:55.597558","level":"info","event":"[base]   \"version\": \"1.0.0\",","logger":"airflow.providers.cncf.kubernetes.utils.pod_manager.PodManager"}
{"timestamp":"2025-06-30T07:40:55.597588","level":"info","event":"[base]   \"port\": 8080,","logger":"airflow.providers.cncf.kubernetes.utils.pod_manager.PodManager"}
{"timestamp":"2025-06-30T07:40:55.597617","level":"info","event":"[base]   \"environment\": \"development\",","logger":"airflow.providers.cncf.kubernetes.utils.pod_manager.PodManager"}
{"timestamp":"2025-06-30T07:40:55.597647","level":"info","event":"[base]   \"database\": {","logger":"airflow.providers.cncf.kubernetes.utils.pod_manager.PodManager"}
{"timestamp":"2025-06-30T07:40:55.597703","level":"info","event":"[base]     \"host\": \"\",","logger":"airflow.providers.cncf.kubernetes.utils.pod_manager.PodManager"}
{"timestamp":"2025-06-30T07:40:55.597756","level":"info","event":"[base]     \"port\": 0,","logger":"airflow.providers.cncf.kubernetes.utils.pod_manager.PodManager"}
{"timestamp":"2025-06-30T07:40:55.597786","level":"info","event":"[base]     \"username\": \"\",","logger":"airflow.providers.cncf.kubernetes.utils.pod_manager.PodManager"}
{"timestamp":"2025-06-30T07:40:55.597815","level":"info","event":"[base]     \"password\": \"\",","logger":"airflow.providers.cncf.kubernetes.utils.pod_manager.PodManager"}
{"timestamp":"2025-06-30T07:40:55.597844","level":"info","event":"[base]     \"database\": \"\"","logger":"airflow.providers.cncf.kubernetes.utils.pod_manager.PodManager"}
{"timestamp":"2025-06-30T07:40:55.597887","level":"info","event":"[base]   },","logger":"airflow.providers.cncf.kubernetes.utils.pod_manager.PodManager"}
{"timestamp":"2025-06-30T07:40:55.597925","level":"info","event":"[base]   \"features\": null,","logger":"airflow.providers.cncf.kubernetes.utils.pod_manager.PodManager"}
{"timestamp":"2025-06-30T07:40:55.597954","level":"info","event":"[base]   \"metadata\": null","logger":"airflow.providers.cncf.kubernetes.utils.pod_manager.PodManager"}
{"timestamp":"2025-06-30T07:40:55.598028","level":"info","event":"[base] }\n","logger":"airflow.providers.cncf.kubernetes.utils.pod_manager.PodManager"}
{"timestamp":"2025-06-30T07:40:55.598354","level":"warning","event":"/home/airflow/.local/lib/python3.12/site-packages/urllib3/connectionpool.py:1097: InsecureRequestWarning: Unverified HTTPS request is being made to host 'host.docker.internal'. Adding certificate verification is strongly advised. See: https://urllib3.readthedocs.io/en/latest/advanced-usage.html#tls-warnings\n  warnings.warn(\n","logger":"py.warnings"}
{"timestamp":"2025-06-30T07:40:55.603889","level":"warning","event":"/home/airflow/.local/lib/python3.12/site-packages/urllib3/connectionpool.py:1097: InsecureRequestWarning: Unverified HTTPS request is being made to host 'host.docker.internal'. Adding certificate verification is strongly advised. See: https://urllib3.readthedocs.io/en/latest/advanced-usage.html#tls-warnings\n  warnings.warn(\n","logger":"py.warnings"}
{"timestamp":"2025-06-30T07:40:55.608625","level":"warning","event":"/home/airflow/.local/lib/python3.12/site-packages/urllib3/connectionpool.py:1097: InsecureRequestWarning: Unverified HTTPS request is being made to host 'host.docker.internal'. Adding certificate verification is strongly advised. See: https://urllib3.readthedocs.io/en/latest/advanced-usage.html#tls-warnings\n  warnings.warn(\n","logger":"py.warnings"}
{"timestamp":"2025-06-30T07:40:55.613488","level":"warning","event":"/home/airflow/.local/lib/python3.12/site-packages/urllib3/connectionpool.py:1097: InsecureRequestWarning: Unverified HTTPS request is being made to host 'host.docker.internal'. Adding certificate verification is strongly advised. See: https://urllib3.readthedocs.io/en/latest/advanced-usage.html#tls-warnings\n  warnings.warn(\n","logger":"py.warnings"}
{"timestamp":"2025-06-30T07:40:55.617873","level":"info","event":"Deleting pod: go-app-remote-config-5d5w3w35","logger":"airflow.task.operators.airflow.providers.cncf.kubernetes.operators.pod.KubernetesPodOperator"}
{"timestamp":"2025-06-30T07:40:55.618249","level":"warning","event":"/home/airflow/.local/lib/python3.12/site-packages/urllib3/connectionpool.py:1097: InsecureRequestWarning: Unverified HTTPS request is being made to host 'host.docker.internal'. Adding certificate verification is strongly advised. See: https://urllib3.readthedocs.io/en/latest/advanced-usage.html#tls-warnings\n  warnings.warn(\n","logger":"py.warnings"}
{"timestamp":"2025-06-30T07:40:55.638497Z","level":"info","event":"Task instance in success state","chan":"stdout","logger":"task"}
{"timestamp":"2025-06-30T07:40:55.638755Z","level":"info","event":" Previous state of the Task instance: running","chan":"stdout","logger":"task"}
{"timestamp":"2025-06-30T07:40:55.639820Z","level":"info","event":"Task operator:<Task(KubernetesPodOperator): run_go_app_remote_config>","chan":"stdout","logger":"task"}
