{"timestamp":"2025-07-01T02:53:46.502221","level":"info","event":"DAG bundles loaded: dags-folder, example_dags","logger":"airflow.dag_processing.bundles.manager.DagBundlesManager"}
{"timestamp":"2025-07-01T02:53:46.502579","level":"info","event":"Filling up the DagBag from /opt/airflow/dags/dag_go_k8s.py","logger":"airflow.models.dagbag.DagBag"}
{"timestamp":"2025-07-01T02:53:46.863719Z","level":"info","event":"Task instance is in running state","chan":"stdout","logger":"task"}
{"timestamp":"2025-07-01T02:53:46.864159Z","level":"info","event":" Previous state of the Task instance: queued","chan":"stdout","logger":"task"}
{"timestamp":"2025-07-01T02:53:46.864429Z","level":"info","event":"Current task name:run_go_app_remote_config","chan":"stdout","logger":"task"}
{"timestamp":"2025-07-01T02:53:46.864550Z","level":"info","event":"Dag name:go_app_k8s_demo","chan":"stdout","logger":"task"}
{"timestamp":"2025-07-01T02:53:46.849129","level":"info","event":"Building pod go-app-remote-config-zwnpbnvu with labels: {'dag_id': 'go_app_k8s_demo', 'task_id': 'run_go_app_remote_config', 'run_id': 'manual__2025-07-01T025201.9211170000-709fd8cd5', 'kubernetes_pod_operator': 'True', 'try_number': '1'}","logger":"airflow.task.operators.airflow.providers.cncf.kubernetes.operators.pod.KubernetesPodOperator"}
{"timestamp":"2025-07-01T02:53:46.850761","level":"info","event":"Secrets backends loaded for worker","count":1,"backend_classes":["EnvironmentVariablesBackend"],"logger":"supervisor"}
{"timestamp":"2025-07-01T02:53:46.978653","level":"warning","event":"/home/airflow/.local/lib/python3.12/site-packages/urllib3/connectionpool.py:1097: InsecureRequestWarning: Unverified HTTPS request is being made to host 'host.docker.internal'. Adding certificate verification is strongly advised. See: https://urllib3.readthedocs.io/en/latest/advanced-usage.html#tls-warnings\n  warnings.warn(\n","logger":"py.warnings"}
{"timestamp":"2025-07-01T02:53:46.986484","level":"warning","event":"/home/airflow/.local/lib/python3.12/site-packages/urllib3/connectionpool.py:1097: InsecureRequestWarning: Unverified HTTPS request is being made to host 'host.docker.internal'. Adding certificate verification is strongly advised. See: https://urllib3.readthedocs.io/en/latest/advanced-usage.html#tls-warnings\n  warnings.warn(\n","logger":"py.warnings"}
{"timestamp":"2025-07-01T02:53:47.001262","level":"warning","event":"/home/airflow/.local/lib/python3.12/site-packages/urllib3/connectionpool.py:1097: InsecureRequestWarning: Unverified HTTPS request is being made to host 'host.docker.internal'. Adding certificate verification is strongly advised. See: https://urllib3.readthedocs.io/en/latest/advanced-usage.html#tls-warnings\n  warnings.warn(\n","logger":"py.warnings"}
{"timestamp":"2025-07-01T02:53:47.015773","level":"info","event":"Found matching pod go-app-remote-config-zwnpbnvu with labels {'airflow_kpo_in_cluster': 'False', 'airflow_version': '3.0.0', 'dag_id': 'go_app_k8s_demo', 'kubernetes_pod_operator': 'True', 'run_id': 'manual__2025-07-01T025201.9211170000-709fd8cd5', 'task_id': 'run_go_app_remote_config', 'try_number': '1'}","logger":"airflow.task.operators.airflow.providers.cncf.kubernetes.operators.pod.KubernetesPodOperator"}
{"timestamp":"2025-07-01T02:53:47.016346","level":"info","event":"`try_number` of task_instance: 1","logger":"airflow.task.operators.airflow.providers.cncf.kubernetes.operators.pod.KubernetesPodOperator"}
{"timestamp":"2025-07-01T02:53:47.016399","level":"info","event":"`try_number` of pod: 1","logger":"airflow.task.operators.airflow.providers.cncf.kubernetes.operators.pod.KubernetesPodOperator"}
{"timestamp":"2025-07-01T02:53:47.016853","level":"warning","event":"/home/airflow/.local/lib/python3.12/site-packages/urllib3/connectionpool.py:1097: InsecureRequestWarning: Unverified HTTPS request is being made to host 'host.docker.internal'. Adding certificate verification is strongly advised. See: https://urllib3.readthedocs.io/en/latest/advanced-usage.html#tls-warnings\n  warnings.warn(\n","logger":"py.warnings"}
{"timestamp":"2025-07-01T02:53:47.025534","level":"warning","event":"Pod not yet started: go-app-remote-config-zwnpbnvu","logger":"airflow.providers.cncf.kubernetes.utils.pod_manager.PodManager"}
{"timestamp":"2025-07-01T02:53:52.030218","level":"warning","event":"/home/airflow/.local/lib/python3.12/site-packages/urllib3/connectionpool.py:1097: InsecureRequestWarning: Unverified HTTPS request is being made to host 'host.docker.internal'. Adding certificate verification is strongly advised. See: https://urllib3.readthedocs.io/en/latest/advanced-usage.html#tls-warnings\n  warnings.warn(\n","logger":"py.warnings"}
{"timestamp":"2025-07-01T02:53:52.040056","level":"warning","event":"/home/airflow/.local/lib/python3.12/site-packages/urllib3/connectionpool.py:1097: InsecureRequestWarning: Unverified HTTPS request is being made to host 'host.docker.internal'. Adding certificate verification is strongly advised. See: https://urllib3.readthedocs.io/en/latest/advanced-usage.html#tls-warnings\n  warnings.warn(\n","logger":"py.warnings"}
{"timestamp":"2025-07-01T02:53:52.047885","level":"warning","event":"/home/airflow/.local/lib/python3.12/site-packages/urllib3/connectionpool.py:1097: InsecureRequestWarning: Unverified HTTPS request is being made to host 'host.docker.internal'. Adding certificate verification is strongly advised. See: https://urllib3.readthedocs.io/en/latest/advanced-usage.html#tls-warnings\n  warnings.warn(\n","logger":"py.warnings"}
{"timestamp":"2025-07-01T02:53:52.086156","level":"warning","event":"/home/airflow/.local/lib/python3.12/site-packages/urllib3/connectionpool.py:1097: InsecureRequestWarning: Unverified HTTPS request is being made to host 'host.docker.internal'. Adding certificate verification is strongly advised. See: https://urllib3.readthedocs.io/en/latest/advanced-usage.html#tls-warnings\n  warnings.warn(\n","logger":"py.warnings"}
{"timestamp":"2025-07-01T02:53:52.093293","level":"info","event":"[base] time=\"2025-07-01T02:53:47Z\" level=info msg=\"Starting go-sample-app with config type: remote\"","logger":"airflow.providers.cncf.kubernetes.utils.pod_manager.PodManager"}
{"timestamp":"2025-07-01T02:53:52.093411","level":"info","event":"[base] time=\"2025-07-01T02:53:47Z\" level=info msg=\"Loading remote config from: https://raw.githubusercontent.com/your-repo/config/main/config.yaml\"","logger":"airflow.providers.cncf.kubernetes.utils.pod_manager.PodManager"}
{"timestamp":"2025-07-01T02:53:52.093490","level":"info","event":"[base] time=\"2025-07-01T02:53:47Z\" level=info msg=\"Making request to: https://raw.githubusercontent.com/your-repo/config/main/config.yaml?_t=1751338427\"","logger":"airflow.providers.cncf.kubernetes.utils.pod_manager.PodManager"}
{"timestamp":"2025-07-01T02:53:52.093551","level":"info","event":"[base] time=\"2025-07-01T02:53:47Z\" level=warning msg=\"Failed to load remote config: failed to fetch remote config, status: 404\"","logger":"airflow.providers.cncf.kubernetes.utils.pod_manager.PodManager"}
{"timestamp":"2025-07-01T02:53:52.093598","level":"info","event":"[base] time=\"2025-07-01T02:53:47Z\" level=info msg=\"Configuration loaded in 409.997167ms\"","logger":"airflow.providers.cncf.kubernetes.utils.pod_manager.PodManager"}
{"timestamp":"2025-07-01T02:53:52.093645","level":"info","event":"[base] time=\"2025-07-01T02:53:47Z\" level=info msg=\"Final configuration (JSON):\"","logger":"airflow.providers.cncf.kubernetes.utils.pod_manager.PodManager"}
{"timestamp":"2025-07-01T02:53:52.093705","level":"info","event":"[base] time=\"2025-07-01T02:53:47Z\" level=info msg=\"Task completed successfully.\"","logger":"airflow.providers.cncf.kubernetes.utils.pod_manager.PodManager"}
{"timestamp":"2025-07-01T02:53:52.093756","level":"info","event":"[base] {","logger":"airflow.providers.cncf.kubernetes.utils.pod_manager.PodManager"}
{"timestamp":"2025-07-01T02:53:52.093790","level":"info","event":"[base]   \"app_name\": \"go-sample-app\",","logger":"airflow.providers.cncf.kubernetes.utils.pod_manager.PodManager"}
{"timestamp":"2025-07-01T02:53:52.093846","level":"info","event":"[base]   \"version\": \"1.0.0\",","logger":"airflow.providers.cncf.kubernetes.utils.pod_manager.PodManager"}
{"timestamp":"2025-07-01T02:53:52.093893","level":"info","event":"[base]   \"port\": 8080,","logger":"airflow.providers.cncf.kubernetes.utils.pod_manager.PodManager"}
{"timestamp":"2025-07-01T02:53:52.093923","level":"info","event":"[base]   \"environment\": \"development\",","logger":"airflow.providers.cncf.kubernetes.utils.pod_manager.PodManager"}
{"timestamp":"2025-07-01T02:53:52.093953","level":"info","event":"[base]   \"database\": {","logger":"airflow.providers.cncf.kubernetes.utils.pod_manager.PodManager"}
{"timestamp":"2025-07-01T02:53:52.093981","level":"info","event":"[base]     \"host\": \"\",","logger":"airflow.providers.cncf.kubernetes.utils.pod_manager.PodManager"}
{"timestamp":"2025-07-01T02:53:52.094010","level":"info","event":"[base]     \"port\": 0,","logger":"airflow.providers.cncf.kubernetes.utils.pod_manager.PodManager"}
{"timestamp":"2025-07-01T02:53:52.094063","level":"info","event":"[base]     \"username\": \"\",","logger":"airflow.providers.cncf.kubernetes.utils.pod_manager.PodManager"}
{"timestamp":"2025-07-01T02:53:52.094125","level":"info","event":"[base]     \"password\": \"\",","logger":"airflow.providers.cncf.kubernetes.utils.pod_manager.PodManager"}
{"timestamp":"2025-07-01T02:53:52.094215","level":"info","event":"[base]     \"database\": \"\"","logger":"airflow.providers.cncf.kubernetes.utils.pod_manager.PodManager"}
{"timestamp":"2025-07-01T02:53:52.094255","level":"info","event":"[base]   },","logger":"airflow.providers.cncf.kubernetes.utils.pod_manager.PodManager"}
{"timestamp":"2025-07-01T02:53:52.094304","level":"info","event":"[base]   \"features\": null,","logger":"airflow.providers.cncf.kubernetes.utils.pod_manager.PodManager"}
{"timestamp":"2025-07-01T02:53:52.094366","level":"info","event":"[base]   \"metadata\": null","logger":"airflow.providers.cncf.kubernetes.utils.pod_manager.PodManager"}
{"timestamp":"2025-07-01T02:53:52.094445","level":"info","event":"[base] }\n","logger":"airflow.providers.cncf.kubernetes.utils.pod_manager.PodManager"}
{"timestamp":"2025-07-01T02:53:52.094857","level":"warning","event":"/home/airflow/.local/lib/python3.12/site-packages/urllib3/connectionpool.py:1097: InsecureRequestWarning: Unverified HTTPS request is being made to host 'host.docker.internal'. Adding certificate verification is strongly advised. See: https://urllib3.readthedocs.io/en/latest/advanced-usage.html#tls-warnings\n  warnings.warn(\n","logger":"py.warnings"}
{"timestamp":"2025-07-01T02:53:52.101419","level":"warning","event":"/home/airflow/.local/lib/python3.12/site-packages/urllib3/connectionpool.py:1097: InsecureRequestWarning: Unverified HTTPS request is being made to host 'host.docker.internal'. Adding certificate verification is strongly advised. See: https://urllib3.readthedocs.io/en/latest/advanced-usage.html#tls-warnings\n  warnings.warn(\n","logger":"py.warnings"}
{"timestamp":"2025-07-01T02:53:52.106179","level":"warning","event":"/home/airflow/.local/lib/python3.12/site-packages/urllib3/connectionpool.py:1097: InsecureRequestWarning: Unverified HTTPS request is being made to host 'host.docker.internal'. Adding certificate verification is strongly advised. See: https://urllib3.readthedocs.io/en/latest/advanced-usage.html#tls-warnings\n  warnings.warn(\n","logger":"py.warnings"}
{"timestamp":"2025-07-01T02:53:52.110762","level":"warning","event":"/home/airflow/.local/lib/python3.12/site-packages/urllib3/connectionpool.py:1097: InsecureRequestWarning: Unverified HTTPS request is being made to host 'host.docker.internal'. Adding certificate verification is strongly advised. See: https://urllib3.readthedocs.io/en/latest/advanced-usage.html#tls-warnings\n  warnings.warn(\n","logger":"py.warnings"}
{"timestamp":"2025-07-01T02:53:52.115242","level":"info","event":"Deleting pod: go-app-remote-config-zwnpbnvu","logger":"airflow.task.operators.airflow.providers.cncf.kubernetes.operators.pod.KubernetesPodOperator"}
{"timestamp":"2025-07-01T02:53:52.115649","level":"warning","event":"/home/airflow/.local/lib/python3.12/site-packages/urllib3/connectionpool.py:1097: InsecureRequestWarning: Unverified HTTPS request is being made to host 'host.docker.internal'. Adding certificate verification is strongly advised. See: https://urllib3.readthedocs.io/en/latest/advanced-usage.html#tls-warnings\n  warnings.warn(\n","logger":"py.warnings"}
{"timestamp":"2025-07-01T02:53:52.134143Z","level":"info","event":"Task instance in success state","chan":"stdout","logger":"task"}
{"timestamp":"2025-07-01T02:53:52.134377Z","level":"info","event":" Previous state of the Task instance: running","chan":"stdout","logger":"task"}
{"timestamp":"2025-07-01T02:53:52.134457Z","level":"info","event":"Task operator:<Task(KubernetesPodOperator): run_go_app_remote_config>","chan":"stdout","logger":"task"}
