{"timestamp":"2025-06-30T05:17:44.452711","level":"info","event":"DAG bundles loaded: dags-folder, example_dags","logger":"airflow.dag_processing.bundles.manager.DagBundlesManager"}
{"timestamp":"2025-06-30T05:17:44.453113","level":"info","event":"Filling up the DagBag from /opt/airflow/dags/dag_sample_test.py","logger":"airflow.models.dagbag.DagBag"}
{"timestamp":"2025-06-30T05:17:44.462486","level":"info","event":"Tmp dir root location: /tmp","logger":"airflow.task.hooks.airflow.providers.standard.hooks.subprocess.SubprocessHook"}
{"timestamp":"2025-06-30T05:17:44.463191","level":"info","event":"Running command: ['/usr/bin/bash', '-c', '\\n    echo \"=== SYSTEM INFORMATION ===\"\\n    echo \"Date: $(date)\"\\n    echo \"Uptime: $(uptime)\"\\n    echo \"Memory: $(free -h)\"\\n    echo \"Disk: $(df -h /)\"\\n    echo \"CPU Info: $(cat /proc/cpuinfo | grep \\'model name\\' | head -1)\"\\n    echo \"=== DOCKER INFO ===\"\\n    if command -v docker &> /dev/null; then\\n        echo \"Docker version: $(docker --version)\"\\n    else\\n        echo \"Docker not available\"\\n    fi\\n    echo \"=== ENVIRONMENT VARIABLES ===\"\\n    env | grep -E \"(AIRFLOW|PYTHON|PATH)\" | sort\\n    ']","logger":"airflow.task.hooks.airflow.providers.standard.hooks.subprocess.SubprocessHook"}
{"timestamp":"2025-06-30T05:17:44.482094Z","level":"info","event":"Task instance is in running state","chan":"stdout","logger":"task"}
{"timestamp":"2025-06-30T05:17:44.482312Z","level":"info","event":" Previous state of the Task instance: queued","chan":"stdout","logger":"task"}
{"timestamp":"2025-06-30T05:17:44.482618Z","level":"info","event":"Current task name:system_info","chan":"stdout","logger":"task"}
{"timestamp":"2025-06-30T05:17:44.482700Z","level":"info","event":"Dag name:sample_worker_info","chan":"stdout","logger":"task"}
{"timestamp":"2025-06-30T05:17:44.474877","level":"info","event":"Output:","logger":"airflow.task.hooks.airflow.providers.standard.hooks.subprocess.SubprocessHook"}
{"timestamp":"2025-06-30T05:17:44.476913","level":"info","event":"=== SYSTEM INFORMATION ===","logger":"airflow.task.hooks.airflow.providers.standard.hooks.subprocess.SubprocessHook"}
{"timestamp":"2025-06-30T05:17:44.479460","level":"info","event":"Date: Mon Jun 30 05:17:44 UTC 2025","logger":"airflow.task.hooks.airflow.providers.standard.hooks.subprocess.SubprocessHook"}
{"timestamp":"2025-06-30T05:17:44.479746","level":"info","event":"/usr/bin/bash: line 4: uptime: command not found","logger":"airflow.task.hooks.airflow.providers.standard.hooks.subprocess.SubprocessHook"}
{"timestamp":"2025-06-30T05:17:44.479861","level":"info","event":"Uptime:","logger":"airflow.task.hooks.airflow.providers.standard.hooks.subprocess.SubprocessHook"}
{"timestamp":"2025-06-30T05:17:44.480133","level":"info","event":"/usr/bin/bash: line 5: free: command not found","logger":"airflow.task.hooks.airflow.providers.standard.hooks.subprocess.SubprocessHook"}
{"timestamp":"2025-06-30T05:17:44.480284","level":"info","event":"Memory:","logger":"airflow.task.hooks.airflow.providers.standard.hooks.subprocess.SubprocessHook"}
{"timestamp":"2025-06-30T05:17:44.482482","level":"info","event":"Disk: Filesystem      Size  Used Avail Use% Mounted on","logger":"airflow.task.hooks.airflow.providers.standard.hooks.subprocess.SubprocessHook"}
{"timestamp":"2025-06-30T05:17:44.482574","level":"info","event":"overlay        1007G  7.9G  948G   1% /","logger":"airflow.task.hooks.airflow.providers.standard.hooks.subprocess.SubprocessHook"}
{"timestamp":"2025-06-30T05:17:44.484943","level":"info","event":"CPU Info:","logger":"airflow.task.hooks.airflow.providers.standard.hooks.subprocess.SubprocessHook"}
{"timestamp":"2025-06-30T05:17:44.484992","level":"info","event":"=== DOCKER INFO ===","logger":"airflow.task.hooks.airflow.providers.standard.hooks.subprocess.SubprocessHook"}
{"timestamp":"2025-06-30T05:17:44.548737","level":"info","event":"Docker version: Docker version 28.1.1, build 4eba377","logger":"airflow.task.hooks.airflow.providers.standard.hooks.subprocess.SubprocessHook"}
{"timestamp":"2025-06-30T05:17:44.548942","level":"info","event":"=== ENVIRONMENT VARIABLES ===","logger":"airflow.task.hooks.airflow.providers.standard.hooks.subprocess.SubprocessHook"}
{"timestamp":"2025-06-30T05:17:44.550053","level":"info","event":"AIRFLOW_CONFIG=/opt/airflow/config/airflow.cfg","logger":"airflow.task.hooks.airflow.providers.standard.hooks.subprocess.SubprocessHook"}
{"timestamp":"2025-06-30T05:17:44.550117","level":"info","event":"AIRFLOW_CTX_DAG_ID=sample_worker_info","logger":"airflow.task.hooks.airflow.providers.standard.hooks.subprocess.SubprocessHook"}
{"timestamp":"2025-06-30T05:17:44.550156","level":"info","event":"AIRFLOW_CTX_DAG_OWNER=airflow","logger":"airflow.task.hooks.airflow.providers.standard.hooks.subprocess.SubprocessHook"}
{"timestamp":"2025-06-30T05:17:44.550185","level":"info","event":"AIRFLOW_CTX_DAG_RUN_ID=scheduled__2025-06-30T05:17:10.313753+00:00","logger":"airflow.task.hooks.airflow.providers.standard.hooks.subprocess.SubprocessHook"}
{"timestamp":"2025-06-30T05:17:44.550222","level":"info","event":"AIRFLOW_CTX_TASK_ID=system_info","logger":"airflow.task.hooks.airflow.providers.standard.hooks.subprocess.SubprocessHook"}
{"timestamp":"2025-06-30T05:17:44.550246","level":"info","event":"AIRFLOW_CTX_TRY_NUMBER=1","logger":"airflow.task.hooks.airflow.providers.standard.hooks.subprocess.SubprocessHook"}
{"timestamp":"2025-06-30T05:17:44.550267","level":"info","event":"AIRFLOW_HOME=/opt/airflow","logger":"airflow.task.hooks.airflow.providers.standard.hooks.subprocess.SubprocessHook"}
{"timestamp":"2025-06-30T05:17:44.550289","level":"info","event":"AIRFLOW_IMAGE_TYPE=prod","logger":"airflow.task.hooks.airflow.providers.standard.hooks.subprocess.SubprocessHook"}
{"timestamp":"2025-06-30T05:17:44.550311","level":"info","event":"AIRFLOW_INSTALLATION_METHOD=apache-airflow","logger":"airflow.task.hooks.airflow.providers.standard.hooks.subprocess.SubprocessHook"}
{"timestamp":"2025-06-30T05:17:44.550332","level":"info","event":"AIRFLOW_PIP_VERSION=25.0.1","logger":"airflow.task.hooks.airflow.providers.standard.hooks.subprocess.SubprocessHook"}
{"timestamp":"2025-06-30T05:17:44.550353","level":"info","event":"AIRFLOW_SETUPTOOLS_VERSION=78.1.0","logger":"airflow.task.hooks.airflow.providers.standard.hooks.subprocess.SubprocessHook"}
{"timestamp":"2025-06-30T05:17:44.550373","level":"info","event":"AIRFLOW_UID=50000","logger":"airflow.task.hooks.airflow.providers.standard.hooks.subprocess.SubprocessHook"}
{"timestamp":"2025-06-30T05:17:44.550393","level":"info","event":"AIRFLOW_USER_HOME_DIR=/home/airflow","logger":"airflow.task.hooks.airflow.providers.standard.hooks.subprocess.SubprocessHook"}
{"timestamp":"2025-06-30T05:17:44.550414","level":"info","event":"AIRFLOW_USE_UV=false","logger":"airflow.task.hooks.airflow.providers.standard.hooks.subprocess.SubprocessHook"}
{"timestamp":"2025-06-30T05:17:44.550434","level":"info","event":"AIRFLOW_UV_VERSION=0.6.13","logger":"airflow.task.hooks.airflow.providers.standard.hooks.subprocess.SubprocessHook"}
{"timestamp":"2025-06-30T05:17:44.550455","level":"info","event":"AIRFLOW_VERSION=3.0.0","logger":"airflow.task.hooks.airflow.providers.standard.hooks.subprocess.SubprocessHook"}
{"timestamp":"2025-06-30T05:17:44.550475","level":"info","event":"AIRFLOW__CELERY__BROKER_URL=redis://:@redis:6379/0","logger":"airflow.task.hooks.airflow.providers.standard.hooks.subprocess.SubprocessHook"}
{"timestamp":"2025-06-30T05:17:44.550495","level":"info","event":"AIRFLOW__CELERY__RESULT_BACKEND=db+postgresql://airflow:airflow@postgres/airflow","logger":"airflow.task.hooks.airflow.providers.standard.hooks.subprocess.SubprocessHook"}
{"timestamp":"2025-06-30T05:17:44.550548","level":"info","event":"AIRFLOW__CORE__AUTH_MANAGER=airflow.providers.fab.auth_manager.fab_auth_manager.FabAuthManager","logger":"airflow.task.hooks.airflow.providers.standard.hooks.subprocess.SubprocessHook"}
{"timestamp":"2025-06-30T05:17:44.550575","level":"info","event":"AIRFLOW__CORE__DAGS_ARE_PAUSED_AT_CREATION=true","logger":"airflow.task.hooks.airflow.providers.standard.hooks.subprocess.SubprocessHook"}
{"timestamp":"2025-06-30T05:17:44.550595","level":"info","event":"AIRFLOW__CORE__EXECUTION_API_SERVER_URL=http://airflow-apiserver:8080/execution/","logger":"airflow.task.hooks.airflow.providers.standard.hooks.subprocess.SubprocessHook"}
{"timestamp":"2025-06-30T05:17:44.572595Z","level":"info","event":"Task instance in success state","chan":"stdout","logger":"task"}
{"timestamp":"2025-06-30T05:17:44.572779Z","level":"info","event":" Previous state of the Task instance: running","chan":"stdout","logger":"task"}
{"timestamp":"2025-06-30T05:17:44.572890Z","level":"info","event":"Task operator:<Task(BashOperator): system_info>","chan":"stdout","logger":"task"}
{"timestamp":"2025-06-30T05:17:44.550615","level":"info","event":"AIRFLOW__CORE__EXECUTOR=CeleryExecutor","logger":"airflow.task.hooks.airflow.providers.standard.hooks.subprocess.SubprocessHook"}
{"timestamp":"2025-06-30T05:17:44.550635","level":"info","event":"AIRFLOW__CORE__FERNET_KEY=","logger":"airflow.task.hooks.airflow.providers.standard.hooks.subprocess.SubprocessHook"}
{"timestamp":"2025-06-30T05:17:44.550655","level":"info","event":"AIRFLOW__CORE__LOAD_EXAMPLES=true","logger":"airflow.task.hooks.airflow.providers.standard.hooks.subprocess.SubprocessHook"}
{"timestamp":"2025-06-30T05:17:44.550675","level":"info","event":"AIRFLOW__CORE__SQL_ALCHEMY_CONN=airflow-db-not-allowed:///","logger":"airflow.task.hooks.airflow.providers.standard.hooks.subprocess.SubprocessHook"}
{"timestamp":"2025-06-30T05:17:44.550695","level":"info","event":"AIRFLOW__DATABASE__SQL_ALCHEMY_CONN=airflow-db-not-allowed:///","logger":"airflow.task.hooks.airflow.providers.standard.hooks.subprocess.SubprocessHook"}
{"timestamp":"2025-06-30T05:17:44.550732","level":"info","event":"AIRFLOW__SCHEDULER__ENABLE_HEALTH_CHECK=true","logger":"airflow.task.hooks.airflow.providers.standard.hooks.subprocess.SubprocessHook"}
{"timestamp":"2025-06-30T05:17:44.550753","level":"info","event":"LD_LIBRARY_PATH=/usr/local/lib","logger":"airflow.task.hooks.airflow.providers.standard.hooks.subprocess.SubprocessHook"}
{"timestamp":"2025-06-30T05:17:44.550779","level":"info","event":"PATH=/root/bin:/home/airflow/.local/bin:/usr/local/bin:/usr/local/sbin:/usr/local/bin:/usr/sbin:/usr/bin:/sbin:/bin","logger":"airflow.task.hooks.airflow.providers.standard.hooks.subprocess.SubprocessHook"}
{"timestamp":"2025-06-30T05:17:44.550809","level":"info","event":"PYTHON_BASE_IMAGE=python:3.12-slim-bookworm","logger":"airflow.task.hooks.airflow.providers.standard.hooks.subprocess.SubprocessHook"}
{"timestamp":"2025-06-30T05:17:44.550830","level":"info","event":"PYTHON_SHA256=07ab697474595e06f06647417d3c7fa97ded07afc1a7e4454c5639919b46eaea","logger":"airflow.task.hooks.airflow.providers.standard.hooks.subprocess.SubprocessHook"}
{"timestamp":"2025-06-30T05:17:44.550851","level":"info","event":"PYTHON_VERSION=3.12.10","logger":"airflow.task.hooks.airflow.providers.standard.hooks.subprocess.SubprocessHook"}
{"timestamp":"2025-06-30T05:17:44.550872","level":"info","event":"_AIRFLOW_PARSING_CONTEXT_DAG_ID=sample_worker_info","logger":"airflow.task.hooks.airflow.providers.standard.hooks.subprocess.SubprocessHook"}
{"timestamp":"2025-06-30T05:17:44.550892","level":"info","event":"_AIRFLOW_PARSING_CONTEXT_TASK_ID=system_info","logger":"airflow.task.hooks.airflow.providers.standard.hooks.subprocess.SubprocessHook"}
{"timestamp":"2025-06-30T05:17:44.550957","level":"info","event":"Command exited with return code 0","logger":"airflow.task.hooks.airflow.providers.standard.hooks.subprocess.SubprocessHook"}
{"timestamp":"2025-06-30T05:17:44.551371","level":"info","event":"Pushing xcom","ti":"RuntimeTaskInstance(id=UUID('0197bf44-fc25-79af-bc43-45dfe8838d93'), task_id='system_info', dag_id='sample_worker_info', run_id='scheduled__2025-06-30T05:17:10.313753+00:00', try_number=1, map_index=-1, hostname='fc1085154e1b', context_carrier={}, task=<Task(BashOperator): system_info>, bundle_instance=LocalDagBundle(name=dags-folder), max_tries=1, start_date=datetime.datetime(2025, 6, 30, 5, 17, 43, 982524, tzinfo=TzInfo(UTC)), end_date=None, is_mapped=False)","logger":"task"}
