{"timestamp":"2025-07-01T02:53:52.620601","level":"info","event":"DAG bundles loaded: dags-folder, example_dags","logger":"airflow.dag_processing.bundles.manager.DagBundlesManager"}
{"timestamp":"2025-07-01T02:53:52.620935","level":"info","event":"Filling up the DagBag from /opt/airflow/dags/dag_go_k8s.py","logger":"airflow.models.dagbag.DagBag"}
{"timestamp":"2025-07-01T02:53:52.929477Z","level":"info","event":"Task instance is in running state","chan":"stdout","logger":"task"}
{"timestamp":"2025-07-01T02:53:52.930054Z","level":"info","event":" Previous state of the Task instance: queued","chan":"stdout","logger":"task"}
{"timestamp":"2025-07-01T02:53:52.930302Z","level":"info","event":"Current task name:run_go_app_with_resources","chan":"stdout","logger":"task"}
{"timestamp":"2025-07-01T02:53:52.930596Z","level":"info","event":"Dag name:go_app_k8s_demo","chan":"stdout","logger":"task"}
{"timestamp":"2025-07-01T02:53:52.915741","level":"info","event":"Building pod go-app-with-resources-da8mi11n with labels: {'dag_id': 'go_app_k8s_demo', 'task_id': 'run_go_app_with_resources', 'run_id': 'manual__2025-07-01T025201.9211170000-709fd8cd5', 'kubernetes_pod_operator': 'True', 'try_number': '1'}","logger":"airflow.task.operators.airflow.providers.cncf.kubernetes.operators.pod.KubernetesPodOperator"}
{"timestamp":"2025-07-01T02:53:52.917577","level":"info","event":"Secrets backends loaded for worker","count":1,"backend_classes":["EnvironmentVariablesBackend"],"logger":"supervisor"}
{"timestamp":"2025-07-01T02:53:53.032265","level":"warning","event":"/home/airflow/.local/lib/python3.12/site-packages/urllib3/connectionpool.py:1097: InsecureRequestWarning: Unverified HTTPS request is being made to host 'host.docker.internal'. Adding certificate verification is strongly advised. See: https://urllib3.readthedocs.io/en/latest/advanced-usage.html#tls-warnings\n  warnings.warn(\n","logger":"py.warnings"}
{"timestamp":"2025-07-01T02:53:53.040461","level":"warning","event":"/home/airflow/.local/lib/python3.12/site-packages/urllib3/connectionpool.py:1097: InsecureRequestWarning: Unverified HTTPS request is being made to host 'host.docker.internal'. Adding certificate verification is strongly advised. See: https://urllib3.readthedocs.io/en/latest/advanced-usage.html#tls-warnings\n  warnings.warn(\n","logger":"py.warnings"}
{"timestamp":"2025-07-01T02:53:53.050223","level":"warning","event":"/home/airflow/.local/lib/python3.12/site-packages/urllib3/connectionpool.py:1097: InsecureRequestWarning: Unverified HTTPS request is being made to host 'host.docker.internal'. Adding certificate verification is strongly advised. See: https://urllib3.readthedocs.io/en/latest/advanced-usage.html#tls-warnings\n  warnings.warn(\n","logger":"py.warnings"}
{"timestamp":"2025-07-01T02:53:53.064413","level":"info","event":"Found matching pod go-app-with-resources-da8mi11n with labels {'airflow_kpo_in_cluster': 'False', 'airflow_version': '3.0.0', 'dag_id': 'go_app_k8s_demo', 'kubernetes_pod_operator': 'True', 'run_id': 'manual__2025-07-01T025201.9211170000-709fd8cd5', 'task_id': 'run_go_app_with_resources', 'try_number': '1'}","logger":"airflow.task.operators.airflow.providers.cncf.kubernetes.operators.pod.KubernetesPodOperator"}
{"timestamp":"2025-07-01T02:53:53.065158","level":"info","event":"`try_number` of task_instance: 1","logger":"airflow.task.operators.airflow.providers.cncf.kubernetes.operators.pod.KubernetesPodOperator"}
{"timestamp":"2025-07-01T02:53:53.065212","level":"info","event":"`try_number` of pod: 1","logger":"airflow.task.operators.airflow.providers.cncf.kubernetes.operators.pod.KubernetesPodOperator"}
{"timestamp":"2025-07-01T02:53:53.065782","level":"warning","event":"/home/airflow/.local/lib/python3.12/site-packages/urllib3/connectionpool.py:1097: InsecureRequestWarning: Unverified HTTPS request is being made to host 'host.docker.internal'. Adding certificate verification is strongly advised. See: https://urllib3.readthedocs.io/en/latest/advanced-usage.html#tls-warnings\n  warnings.warn(\n","logger":"py.warnings"}
{"timestamp":"2025-07-01T02:53:53.074327","level":"warning","event":"Pod not yet started: go-app-with-resources-da8mi11n","logger":"airflow.providers.cncf.kubernetes.utils.pod_manager.PodManager"}
{"timestamp":"2025-07-01T02:53:58.077543","level":"warning","event":"/home/airflow/.local/lib/python3.12/site-packages/urllib3/connectionpool.py:1097: InsecureRequestWarning: Unverified HTTPS request is being made to host 'host.docker.internal'. Adding certificate verification is strongly advised. See: https://urllib3.readthedocs.io/en/latest/advanced-usage.html#tls-warnings\n  warnings.warn(\n","logger":"py.warnings"}
{"timestamp":"2025-07-01T02:53:58.092770","level":"warning","event":"/home/airflow/.local/lib/python3.12/site-packages/urllib3/connectionpool.py:1097: InsecureRequestWarning: Unverified HTTPS request is being made to host 'host.docker.internal'. Adding certificate verification is strongly advised. See: https://urllib3.readthedocs.io/en/latest/advanced-usage.html#tls-warnings\n  warnings.warn(\n","logger":"py.warnings"}
{"timestamp":"2025-07-01T02:53:58.100675","level":"warning","event":"/home/airflow/.local/lib/python3.12/site-packages/urllib3/connectionpool.py:1097: InsecureRequestWarning: Unverified HTTPS request is being made to host 'host.docker.internal'. Adding certificate verification is strongly advised. See: https://urllib3.readthedocs.io/en/latest/advanced-usage.html#tls-warnings\n  warnings.warn(\n","logger":"py.warnings"}
{"timestamp":"2025-07-01T02:53:58.132616","level":"warning","event":"/home/airflow/.local/lib/python3.12/site-packages/urllib3/connectionpool.py:1097: InsecureRequestWarning: Unverified HTTPS request is being made to host 'host.docker.internal'. Adding certificate verification is strongly advised. See: https://urllib3.readthedocs.io/en/latest/advanced-usage.html#tls-warnings\n  warnings.warn(\n","logger":"py.warnings"}
{"timestamp":"2025-07-01T02:53:58.138229","level":"info","event":"[base] time=\"2025-07-01T02:53:53Z\" level=info msg=\"Starting go-sample-app with config type: env\"","logger":"airflow.providers.cncf.kubernetes.utils.pod_manager.PodManager"}
{"timestamp":"2025-07-01T02:53:58.138334","level":"info","event":"[base] time=\"2025-07-01T02:53:53Z\" level=info msg=\"Using environment variables for configuration\"","logger":"airflow.providers.cncf.kubernetes.utils.pod_manager.PodManager"}
{"timestamp":"2025-07-01T02:53:58.138436","level":"info","event":"[base] time=\"2025-07-01T02:53:53Z\" level=info msg=\"Configuration loaded in 67.584µs\"","logger":"airflow.providers.cncf.kubernetes.utils.pod_manager.PodManager"}
{"timestamp":"2025-07-01T02:53:58.138521","level":"info","event":"[base] time=\"2025-07-01T02:53:53Z\" level=info msg=\"Final configuration (JSON):\"","logger":"airflow.providers.cncf.kubernetes.utils.pod_manager.PodManager"}
{"timestamp":"2025-07-01T02:53:58.138564","level":"info","event":"[base] time=\"2025-07-01T02:53:53Z\" level=info msg=\"Task completed successfully.\"","logger":"airflow.providers.cncf.kubernetes.utils.pod_manager.PodManager"}
{"timestamp":"2025-07-01T02:53:58.138621","level":"info","event":"[base] {","logger":"airflow.providers.cncf.kubernetes.utils.pod_manager.PodManager"}
{"timestamp":"2025-07-01T02:53:58.138672","level":"info","event":"[base]   \"app_name\": \"go-sample-app\",","logger":"airflow.providers.cncf.kubernetes.utils.pod_manager.PodManager"}
{"timestamp":"2025-07-01T02:53:58.138706","level":"info","event":"[base]   \"version\": \"1.0.0\",","logger":"airflow.providers.cncf.kubernetes.utils.pod_manager.PodManager"}
{"timestamp":"2025-07-01T02:53:58.138753","level":"info","event":"[base]   \"port\": 8080,","logger":"airflow.providers.cncf.kubernetes.utils.pod_manager.PodManager"}
{"timestamp":"2025-07-01T02:53:58.138786","level":"info","event":"[base]   \"environment\": \"development\",","logger":"airflow.providers.cncf.kubernetes.utils.pod_manager.PodManager"}
{"timestamp":"2025-07-01T02:53:58.138831","level":"info","event":"[base]   \"database\": {","logger":"airflow.providers.cncf.kubernetes.utils.pod_manager.PodManager"}
{"timestamp":"2025-07-01T02:53:58.138862","level":"info","event":"[base]     \"host\": \"\",","logger":"airflow.providers.cncf.kubernetes.utils.pod_manager.PodManager"}
{"timestamp":"2025-07-01T02:53:58.138909","level":"info","event":"[base]     \"port\": 0,","logger":"airflow.providers.cncf.kubernetes.utils.pod_manager.PodManager"}
{"timestamp":"2025-07-01T02:53:58.138939","level":"info","event":"[base]     \"username\": \"\",","logger":"airflow.providers.cncf.kubernetes.utils.pod_manager.PodManager"}
{"timestamp":"2025-07-01T02:53:58.138969","level":"info","event":"[base]     \"password\": \"\",","logger":"airflow.providers.cncf.kubernetes.utils.pod_manager.PodManager"}
{"timestamp":"2025-07-01T02:53:58.138999","level":"info","event":"[base]     \"database\": \"\"","logger":"airflow.providers.cncf.kubernetes.utils.pod_manager.PodManager"}
{"timestamp":"2025-07-01T02:53:58.139045","level":"info","event":"[base]   },","logger":"airflow.providers.cncf.kubernetes.utils.pod_manager.PodManager"}
{"timestamp":"2025-07-01T02:53:58.139090","level":"info","event":"[base]   \"features\": null,","logger":"airflow.providers.cncf.kubernetes.utils.pod_manager.PodManager"}
{"timestamp":"2025-07-01T02:53:58.139153","level":"info","event":"[base]   \"metadata\": null","logger":"airflow.providers.cncf.kubernetes.utils.pod_manager.PodManager"}
{"timestamp":"2025-07-01T02:53:58.139241","level":"info","event":"[base] }\n","logger":"airflow.providers.cncf.kubernetes.utils.pod_manager.PodManager"}
{"timestamp":"2025-07-01T02:53:58.139518","level":"warning","event":"/home/airflow/.local/lib/python3.12/site-packages/urllib3/connectionpool.py:1097: InsecureRequestWarning: Unverified HTTPS request is being made to host 'host.docker.internal'. Adding certificate verification is strongly advised. See: https://urllib3.readthedocs.io/en/latest/advanced-usage.html#tls-warnings\n  warnings.warn(\n","logger":"py.warnings"}
{"timestamp":"2025-07-01T02:53:58.144366","level":"warning","event":"/home/airflow/.local/lib/python3.12/site-packages/urllib3/connectionpool.py:1097: InsecureRequestWarning: Unverified HTTPS request is being made to host 'host.docker.internal'. Adding certificate verification is strongly advised. See: https://urllib3.readthedocs.io/en/latest/advanced-usage.html#tls-warnings\n  warnings.warn(\n","logger":"py.warnings"}
{"timestamp":"2025-07-01T02:53:58.148838","level":"warning","event":"/home/airflow/.local/lib/python3.12/site-packages/urllib3/connectionpool.py:1097: InsecureRequestWarning: Unverified HTTPS request is being made to host 'host.docker.internal'. Adding certificate verification is strongly advised. See: https://urllib3.readthedocs.io/en/latest/advanced-usage.html#tls-warnings\n  warnings.warn(\n","logger":"py.warnings"}
{"timestamp":"2025-07-01T02:53:58.153248","level":"warning","event":"/home/airflow/.local/lib/python3.12/site-packages/urllib3/connectionpool.py:1097: InsecureRequestWarning: Unverified HTTPS request is being made to host 'host.docker.internal'. Adding certificate verification is strongly advised. See: https://urllib3.readthedocs.io/en/latest/advanced-usage.html#tls-warnings\n  warnings.warn(\n","logger":"py.warnings"}
{"timestamp":"2025-07-01T02:53:58.157313","level":"info","event":"Deleting pod: go-app-with-resources-da8mi11n","logger":"airflow.task.operators.airflow.providers.cncf.kubernetes.operators.pod.KubernetesPodOperator"}
{"timestamp":"2025-07-01T02:53:58.157654","level":"warning","event":"/home/airflow/.local/lib/python3.12/site-packages/urllib3/connectionpool.py:1097: InsecureRequestWarning: Unverified HTTPS request is being made to host 'host.docker.internal'. Adding certificate verification is strongly advised. See: https://urllib3.readthedocs.io/en/latest/advanced-usage.html#tls-warnings\n  warnings.warn(\n","logger":"py.warnings"}
{"timestamp":"2025-07-01T02:53:58.173840Z","level":"info","event":"Task instance in success state","chan":"stdout","logger":"task"}
{"timestamp":"2025-07-01T02:53:58.173969Z","level":"info","event":" Previous state of the Task instance: running","chan":"stdout","logger":"task"}
{"timestamp":"2025-07-01T02:53:58.174022Z","level":"info","event":"Task operator:<Task(KubernetesPodOperator): run_go_app_with_resources>","chan":"stdout","logger":"task"}
