{"timestamp":"2025-06-30T07:22:51.819239","level":"info","event":"DAG bundles loaded: dags-folder, example_dags","logger":"airflow.dag_processing.bundles.manager.DagBundlesManager"}
{"timestamp":"2025-06-30T07:22:51.819620","level":"info","event":"Filling up the DagBag from /opt/airflow/dags/dag_go_k8s.py","logger":"airflow.models.dagbag.DagBag"}
{"timestamp":"2025-06-30T07:22:52.093473Z","level":"info","event":"Task instance is in running state","chan":"stdout","logger":"task"}
{"timestamp":"2025-06-30T07:22:52.096022Z","level":"info","event":" Previous state of the Task instance: queued","chan":"stdout","logger":"task"}
{"timestamp":"2025-06-30T07:22:52.096983Z","level":"info","event":"Current task name:run_go_app_local_config","chan":"stdout","logger":"task"}
{"timestamp":"2025-06-30T07:22:52.097080Z","level":"info","event":"Dag name:go_app_k8s_demo","chan":"stdout","logger":"task"}
{"timestamp":"2025-06-30T07:22:52.083861","level":"info","event":"Building pod go-app-local-config-5qp018yu with labels: {'dag_id': 'go_app_k8s_demo', 'task_id': 'run_go_app_local_config', 'run_id': 'manual__2025-06-30T072250.8609690000-7804d1098', 'kubernetes_pod_operator': 'True', 'try_number': '1'}","logger":"airflow.task.operators.airflow.providers.cncf.kubernetes.operators.pod.KubernetesPodOperator"}
{"timestamp":"2025-06-30T07:22:52.086671","level":"info","event":"Secrets backends loaded for worker","count":1,"backend_classes":["EnvironmentVariablesBackend"],"logger":"supervisor"}
{"timestamp":"2025-06-30T07:22:52.168815","level":"warning","event":"/home/airflow/.local/lib/python3.12/site-packages/urllib3/connectionpool.py:1097: InsecureRequestWarning: Unverified HTTPS request is being made to host 'host.docker.internal'. Adding certificate verification is strongly advised. See: https://urllib3.readthedocs.io/en/latest/advanced-usage.html#tls-warnings\n  warnings.warn(\n","logger":"py.warnings"}
{"timestamp":"2025-06-30T07:22:52.175274","level":"warning","event":"/home/airflow/.local/lib/python3.12/site-packages/urllib3/connectionpool.py:1097: InsecureRequestWarning: Unverified HTTPS request is being made to host 'host.docker.internal'. Adding certificate verification is strongly advised. See: https://urllib3.readthedocs.io/en/latest/advanced-usage.html#tls-warnings\n  warnings.warn(\n","logger":"py.warnings"}
{"timestamp":"2025-06-30T07:22:52.184551","level":"warning","event":"/home/airflow/.local/lib/python3.12/site-packages/urllib3/connectionpool.py:1097: InsecureRequestWarning: Unverified HTTPS request is being made to host 'host.docker.internal'. Adding certificate verification is strongly advised. See: https://urllib3.readthedocs.io/en/latest/advanced-usage.html#tls-warnings\n  warnings.warn(\n","logger":"py.warnings"}
{"timestamp":"2025-06-30T07:22:52.192489","level":"info","event":"Found matching pod go-app-local-config-5qp018yu with labels {'airflow_kpo_in_cluster': 'False', 'airflow_version': '3.0.0', 'dag_id': 'go_app_k8s_demo', 'kubernetes_pod_operator': 'True', 'run_id': 'manual__2025-06-30T072250.8609690000-7804d1098', 'task_id': 'run_go_app_local_config', 'try_number': '1'}","logger":"airflow.task.operators.airflow.providers.cncf.kubernetes.operators.pod.KubernetesPodOperator"}
{"timestamp":"2025-06-30T07:22:52.192978","level":"info","event":"`try_number` of task_instance: 1","logger":"airflow.task.operators.airflow.providers.cncf.kubernetes.operators.pod.KubernetesPodOperator"}
{"timestamp":"2025-06-30T07:22:52.193032","level":"info","event":"`try_number` of pod: 1","logger":"airflow.task.operators.airflow.providers.cncf.kubernetes.operators.pod.KubernetesPodOperator"}
{"timestamp":"2025-06-30T07:22:52.193511","level":"warning","event":"/home/airflow/.local/lib/python3.12/site-packages/urllib3/connectionpool.py:1097: InsecureRequestWarning: Unverified HTTPS request is being made to host 'host.docker.internal'. Adding certificate verification is strongly advised. See: https://urllib3.readthedocs.io/en/latest/advanced-usage.html#tls-warnings\n  warnings.warn(\n","logger":"py.warnings"}
{"timestamp":"2025-06-30T07:22:52.200264","level":"warning","event":"Pod not yet started: go-app-local-config-5qp018yu","logger":"airflow.providers.cncf.kubernetes.utils.pod_manager.PodManager"}
{"timestamp":"2025-06-30T07:22:57.202058","level":"warning","event":"/home/airflow/.local/lib/python3.12/site-packages/urllib3/connectionpool.py:1097: InsecureRequestWarning: Unverified HTTPS request is being made to host 'host.docker.internal'. Adding certificate verification is strongly advised. See: https://urllib3.readthedocs.io/en/latest/advanced-usage.html#tls-warnings\n  warnings.warn(\n","logger":"py.warnings"}
{"timestamp":"2025-06-30T07:22:57.211469","level":"warning","event":"Pod not yet started: go-app-local-config-5qp018yu","logger":"airflow.providers.cncf.kubernetes.utils.pod_manager.PodManager"}
{"timestamp":"2025-06-30T07:23:02.213047","level":"warning","event":"/home/airflow/.local/lib/python3.12/site-packages/urllib3/connectionpool.py:1097: InsecureRequestWarning: Unverified HTTPS request is being made to host 'host.docker.internal'. Adding certificate verification is strongly advised. See: https://urllib3.readthedocs.io/en/latest/advanced-usage.html#tls-warnings\n  warnings.warn(\n","logger":"py.warnings"}
{"timestamp":"2025-06-30T07:23:02.225656","level":"warning","event":"Pod not yet started: go-app-local-config-5qp018yu","logger":"airflow.providers.cncf.kubernetes.utils.pod_manager.PodManager"}
{"timestamp":"2025-06-30T07:23:07.227770","level":"warning","event":"/home/airflow/.local/lib/python3.12/site-packages/urllib3/connectionpool.py:1097: InsecureRequestWarning: Unverified HTTPS request is being made to host 'host.docker.internal'. Adding certificate verification is strongly advised. See: https://urllib3.readthedocs.io/en/latest/advanced-usage.html#tls-warnings\n  warnings.warn(\n","logger":"py.warnings"}
{"timestamp":"2025-06-30T07:23:07.246660","level":"warning","event":"Pod not yet started: go-app-local-config-5qp018yu","logger":"airflow.providers.cncf.kubernetes.utils.pod_manager.PodManager"}
{"timestamp":"2025-06-30T07:23:12.247957","level":"warning","event":"/home/airflow/.local/lib/python3.12/site-packages/urllib3/connectionpool.py:1097: InsecureRequestWarning: Unverified HTTPS request is being made to host 'host.docker.internal'. Adding certificate verification is strongly advised. See: https://urllib3.readthedocs.io/en/latest/advanced-usage.html#tls-warnings\n  warnings.warn(\n","logger":"py.warnings"}
{"timestamp":"2025-06-30T07:23:12.254115","level":"warning","event":"Pod not yet started: go-app-local-config-5qp018yu","logger":"airflow.providers.cncf.kubernetes.utils.pod_manager.PodManager"}
{"timestamp":"2025-06-30T07:23:17.257130","level":"warning","event":"/home/airflow/.local/lib/python3.12/site-packages/urllib3/connectionpool.py:1097: InsecureRequestWarning: Unverified HTTPS request is being made to host 'host.docker.internal'. Adding certificate verification is strongly advised. See: https://urllib3.readthedocs.io/en/latest/advanced-usage.html#tls-warnings\n  warnings.warn(\n","logger":"py.warnings"}
{"timestamp":"2025-06-30T07:23:17.275120","level":"warning","event":"Pod not yet started: go-app-local-config-5qp018yu","logger":"airflow.providers.cncf.kubernetes.utils.pod_manager.PodManager"}
{"timestamp":"2025-06-30T07:23:22.278159","level":"warning","event":"/home/airflow/.local/lib/python3.12/site-packages/urllib3/connectionpool.py:1097: InsecureRequestWarning: Unverified HTTPS request is being made to host 'host.docker.internal'. Adding certificate verification is strongly advised. See: https://urllib3.readthedocs.io/en/latest/advanced-usage.html#tls-warnings\n  warnings.warn(\n","logger":"py.warnings"}
{"timestamp":"2025-06-30T07:23:22.287634","level":"warning","event":"Pod not yet started: go-app-local-config-5qp018yu","logger":"airflow.providers.cncf.kubernetes.utils.pod_manager.PodManager"}
{"timestamp":"2025-06-30T07:23:27.290320","level":"warning","event":"/home/airflow/.local/lib/python3.12/site-packages/urllib3/connectionpool.py:1097: InsecureRequestWarning: Unverified HTTPS request is being made to host 'host.docker.internal'. Adding certificate verification is strongly advised. See: https://urllib3.readthedocs.io/en/latest/advanced-usage.html#tls-warnings\n  warnings.warn(\n","logger":"py.warnings"}
{"timestamp":"2025-06-30T07:23:27.308751","level":"warning","event":"Pod not yet started: go-app-local-config-5qp018yu","logger":"airflow.providers.cncf.kubernetes.utils.pod_manager.PodManager"}
{"timestamp":"2025-06-30T07:23:32.310501","level":"warning","event":"/home/airflow/.local/lib/python3.12/site-packages/urllib3/connectionpool.py:1097: InsecureRequestWarning: Unverified HTTPS request is being made to host 'host.docker.internal'. Adding certificate verification is strongly advised. See: https://urllib3.readthedocs.io/en/latest/advanced-usage.html#tls-warnings\n  warnings.warn(\n","logger":"py.warnings"}
{"timestamp":"2025-06-30T07:23:32.319286","level":"warning","event":"Pod not yet started: go-app-local-config-5qp018yu","logger":"airflow.providers.cncf.kubernetes.utils.pod_manager.PodManager"}
{"timestamp":"2025-06-30T07:23:37.323014","level":"warning","event":"/home/airflow/.local/lib/python3.12/site-packages/urllib3/connectionpool.py:1097: InsecureRequestWarning: Unverified HTTPS request is being made to host 'host.docker.internal'. Adding certificate verification is strongly advised. See: https://urllib3.readthedocs.io/en/latest/advanced-usage.html#tls-warnings\n  warnings.warn(\n","logger":"py.warnings"}
{"timestamp":"2025-06-30T07:23:37.340898","level":"warning","event":"Pod not yet started: go-app-local-config-5qp018yu","logger":"airflow.providers.cncf.kubernetes.utils.pod_manager.PodManager"}
{"timestamp":"2025-06-30T07:23:42.342254","level":"warning","event":"/home/airflow/.local/lib/python3.12/site-packages/urllib3/connectionpool.py:1097: InsecureRequestWarning: Unverified HTTPS request is being made to host 'host.docker.internal'. Adding certificate verification is strongly advised. See: https://urllib3.readthedocs.io/en/latest/advanced-usage.html#tls-warnings\n  warnings.warn(\n","logger":"py.warnings"}
{"timestamp":"2025-06-30T07:23:42.356081","level":"warning","event":"Pod not yet started: go-app-local-config-5qp018yu","logger":"airflow.providers.cncf.kubernetes.utils.pod_manager.PodManager"}
{"timestamp":"2025-06-30T07:23:47.357737","level":"warning","event":"/home/airflow/.local/lib/python3.12/site-packages/urllib3/connectionpool.py:1097: InsecureRequestWarning: Unverified HTTPS request is being made to host 'host.docker.internal'. Adding certificate verification is strongly advised. See: https://urllib3.readthedocs.io/en/latest/advanced-usage.html#tls-warnings\n  warnings.warn(\n","logger":"py.warnings"}
{"timestamp":"2025-06-30T07:23:47.365180","level":"warning","event":"Pod not yet started: go-app-local-config-5qp018yu","logger":"airflow.providers.cncf.kubernetes.utils.pod_manager.PodManager"}
{"timestamp":"2025-06-30T07:23:52.368036","level":"warning","event":"/home/airflow/.local/lib/python3.12/site-packages/urllib3/connectionpool.py:1097: InsecureRequestWarning: Unverified HTTPS request is being made to host 'host.docker.internal'. Adding certificate verification is strongly advised. See: https://urllib3.readthedocs.io/en/latest/advanced-usage.html#tls-warnings\n  warnings.warn(\n","logger":"py.warnings"}
{"timestamp":"2025-06-30T07:23:52.385284","level":"warning","event":"Pod not yet started: go-app-local-config-5qp018yu","logger":"airflow.providers.cncf.kubernetes.utils.pod_manager.PodManager"}
{"timestamp":"2025-06-30T07:23:57.388239","level":"warning","event":"/home/airflow/.local/lib/python3.12/site-packages/urllib3/connectionpool.py:1097: InsecureRequestWarning: Unverified HTTPS request is being made to host 'host.docker.internal'. Adding certificate verification is strongly advised. See: https://urllib3.readthedocs.io/en/latest/advanced-usage.html#tls-warnings\n  warnings.warn(\n","logger":"py.warnings"}
{"timestamp":"2025-06-30T07:23:57.401047","level":"warning","event":"Pod not yet started: go-app-local-config-5qp018yu","logger":"airflow.providers.cncf.kubernetes.utils.pod_manager.PodManager"}
{"timestamp":"2025-06-30T07:24:02.401842","level":"warning","event":"/home/airflow/.local/lib/python3.12/site-packages/urllib3/connectionpool.py:1097: InsecureRequestWarning: Unverified HTTPS request is being made to host 'host.docker.internal'. Adding certificate verification is strongly advised. See: https://urllib3.readthedocs.io/en/latest/advanced-usage.html#tls-warnings\n  warnings.warn(\n","logger":"py.warnings"}
{"timestamp":"2025-06-30T07:24:02.410972","level":"warning","event":"Pod not yet started: go-app-local-config-5qp018yu","logger":"airflow.providers.cncf.kubernetes.utils.pod_manager.PodManager"}
{"timestamp":"2025-06-30T07:24:07.414389","level":"warning","event":"/home/airflow/.local/lib/python3.12/site-packages/urllib3/connectionpool.py:1097: InsecureRequestWarning: Unverified HTTPS request is being made to host 'host.docker.internal'. Adding certificate verification is strongly advised. See: https://urllib3.readthedocs.io/en/latest/advanced-usage.html#tls-warnings\n  warnings.warn(\n","logger":"py.warnings"}
{"timestamp":"2025-06-30T07:24:07.432706","level":"warning","event":"Pod not yet started: go-app-local-config-5qp018yu","logger":"airflow.providers.cncf.kubernetes.utils.pod_manager.PodManager"}
{"timestamp":"2025-06-30T07:24:12.451777Z","level":"error","event":"Server indicated the task shouldn't be running anymore. Terminating process","detail":{"detail":{"reason":"not_running","message":"TI is no longer in the running state and task should terminate","current_state":"failed"}},"logger":"task"}
{"timestamp":"2025-06-30T07:24:12.434864","level":"warning","event":"/home/airflow/.local/lib/python3.12/site-packages/urllib3/connectionpool.py:1097: InsecureRequestWarning: Unverified HTTPS request is being made to host 'host.docker.internal'. Adding certificate verification is strongly advised. See: https://urllib3.readthedocs.io/en/latest/advanced-usage.html#tls-warnings\n  warnings.warn(\n","logger":"py.warnings"}
{"timestamp":"2025-06-30T07:24:12.443905","level":"warning","event":"Pod not yet started: go-app-local-config-5qp018yu","logger":"airflow.providers.cncf.kubernetes.utils.pod_manager.PodManager"}
{"timestamp":"2025-06-30T07:24:12.469834Z","level":"error","event":"Task killed!","logger":"task"}
