{"timestamp":"2025-06-30T05:17:41.360305","level":"info","event":"DAG bundles loaded: dags-folder, example_dags","logger":"airflow.dag_processing.bundles.manager.DagBundlesManager"}
{"timestamp":"2025-06-30T05:17:41.360819","level":"info","event":"Filling up the DagBag from /opt/airflow/dags/dag_sample_test.py","logger":"airflow.models.dagbag.DagBag"}
{"timestamp":"2025-06-30T05:17:41.595994Z","level":"info","event":"Task instance is in running state","chan":"stdout","logger":"task"}
{"timestamp":"2025-06-30T05:17:41.596250Z","level":"info","event":" Previous state of the Task instance: queued","chan":"stdout","logger":"task"}
{"timestamp":"2025-06-30T05:17:41.596373Z","level":"info","event":"Current task name:print_installed_packages","chan":"stdout","logger":"task"}
{"timestamp":"2025-06-30T05:17:41.596476Z","level":"info","event":"Dag name:sample_worker_info","chan":"stdout","logger":"task"}
{"timestamp":"2025-06-30T05:17:41.596595Z","level":"info","event":"==================================================","chan":"stdout","logger":"task"}
{"timestamp":"2025-06-30T05:17:41.596699Z","level":"info","event":"INSTALLED PACKAGES","chan":"stdout","logger":"task"}
{"timestamp":"2025-06-30T05:17:41.596824Z","level":"info","event":"==================================================","chan":"stdout","logger":"task"}
{"timestamp":"2025-06-30T05:17:42.278653Z","level":"info","event":"Package                                   Version","chan":"stdout","logger":"task"}
{"timestamp":"2025-06-30T05:17:42.278949Z","level":"info","event":"----------------------------------------- ---------------","chan":"stdout","logger":"task"}
{"timestamp":"2025-06-30T05:17:42.279123Z","level":"info","event":"a2wsgi                                    1.10.8","chan":"stdout","logger":"task"}
{"timestamp":"2025-06-30T05:17:42.279241Z","level":"info","event":"adal                                      1.2.7","chan":"stdout","logger":"task"}
{"timestamp":"2025-06-30T05:17:42.279390Z","level":"info","event":"adlfs                                     2024.12.0","chan":"stdout","logger":"task"}
{"timestamp":"2025-06-30T05:17:42.279526Z","level":"info","event":"aiobotocore                               2.21.1","chan":"stdout","logger":"task"}
{"timestamp":"2025-06-30T05:17:42.279649Z","level":"info","event":"aiofiles                                  24.1.0","chan":"stdout","logger":"task"}
{"timestamp":"2025-06-30T05:17:42.279751Z","level":"info","event":"aiohappyeyeballs                          2.6.1","chan":"stdout","logger":"task"}
{"timestamp":"2025-06-30T05:17:42.279869Z","level":"info","event":"aiohttp                                   3.11.18","chan":"stdout","logger":"task"}
{"timestamp":"2025-06-30T05:17:42.279993Z","level":"info","event":"aioitertools                              0.12.0","chan":"stdout","logger":"task"}
{"timestamp":"2025-06-30T05:17:42.280094Z","level":"info","event":"aiologic                                  0.14.0","chan":"stdout","logger":"task"}
{"timestamp":"2025-06-30T05:17:42.280190Z","level":"info","event":"aiomysql                                  0.2.0","chan":"stdout","logger":"task"}
{"timestamp":"2025-06-30T05:17:42.280293Z","level":"info","event":"aiosignal                                 1.3.2","chan":"stdout","logger":"task"}
{"timestamp":"2025-06-30T05:17:42.280364Z","level":"info","event":"aiosqlite                                 0.21.0","chan":"stdout","logger":"task"}
{"timestamp":"2025-06-30T05:17:42.280446Z","level":"info","event":"alembic                                   1.15.2","chan":"stdout","logger":"task"}
{"timestamp":"2025-06-30T05:17:42.280545Z","level":"info","event":"amqp                                      5.3.1","chan":"stdout","logger":"task"}
{"timestamp":"2025-06-30T05:17:42.280635Z","level":"info","event":"annotated-types                           0.7.0","chan":"stdout","logger":"task"}
{"timestamp":"2025-06-30T05:17:42.280722Z","level":"info","event":"anyio                                     4.9.0","chan":"stdout","logger":"task"}
{"timestamp":"2025-06-30T05:17:42.280789Z","level":"info","event":"apache-airflow                            3.0.0","chan":"stdout","logger":"task"}
{"timestamp":"2025-06-30T05:17:42.280920Z","level":"info","event":"apache-airflow-core                       3.0.0","chan":"stdout","logger":"task"}
{"timestamp":"2025-06-30T05:17:42.280988Z","level":"info","event":"apache-airflow-providers-amazon           9.6.1","chan":"stdout","logger":"task"}
{"timestamp":"2025-06-30T05:17:42.281044Z","level":"info","event":"apache-airflow-providers-celery           3.10.6","chan":"stdout","logger":"task"}
{"timestamp":"2025-06-30T05:17:42.281111Z","level":"info","event":"apache-airflow-providers-cncf-kubernetes  10.4.3","chan":"stdout","logger":"task"}
{"timestamp":"2025-06-30T05:17:42.281185Z","level":"info","event":"apache-airflow-providers-common-compat    1.6.0","chan":"stdout","logger":"task"}
{"timestamp":"2025-06-30T05:17:42.281256Z","level":"info","event":"apache-airflow-providers-common-io        1.5.4","chan":"stdout","logger":"task"}
{"timestamp":"2025-06-30T05:17:42.281327Z","level":"info","event":"apache-airflow-providers-common-messaging 1.0.0","chan":"stdout","logger":"task"}
{"timestamp":"2025-06-30T05:17:42.281402Z","level":"info","event":"apache-airflow-providers-common-sql       1.26.0","chan":"stdout","logger":"task"}
{"timestamp":"2025-06-30T05:17:42.281531Z","level":"info","event":"apache-airflow-providers-docker           4.3.1","chan":"stdout","logger":"task"}
{"timestamp":"2025-06-30T05:17:42.281608Z","level":"info","event":"apache-airflow-providers-elasticsearch    6.2.2","chan":"stdout","logger":"task"}
{"timestamp":"2025-06-30T05:17:42.281682Z","level":"info","event":"apache-airflow-providers-fab              2.0.1","chan":"stdout","logger":"task"}
{"timestamp":"2025-06-30T05:17:42.281776Z","level":"info","event":"apache-airflow-providers-ftp              3.12.3","chan":"stdout","logger":"task"}
{"timestamp":"2025-06-30T05:17:42.281869Z","level":"info","event":"apache-airflow-providers-git              0.0.2","chan":"stdout","logger":"task"}
{"timestamp":"2025-06-30T05:17:42.281945Z","level":"info","event":"apache-airflow-providers-google           15.1.0","chan":"stdout","logger":"task"}
{"timestamp":"2025-06-30T05:17:42.282017Z","level":"info","event":"apache-airflow-providers-grpc             3.7.3","chan":"stdout","logger":"task"}
{"timestamp":"2025-06-30T05:17:42.282086Z","level":"info","event":"apache-airflow-providers-hashicorp        4.1.1","chan":"stdout","logger":"task"}
{"timestamp":"2025-06-30T05:17:42.282169Z","level":"info","event":"apache-airflow-providers-http             5.2.2","chan":"stdout","logger":"task"}
{"timestamp":"2025-06-30T05:17:42.282252Z","level":"info","event":"apache-airflow-providers-microsoft-azure  12.3.1","chan":"stdout","logger":"task"}
{"timestamp":"2025-06-30T05:17:42.282324Z","level":"info","event":"apache-airflow-providers-mysql            6.2.2","chan":"stdout","logger":"task"}
{"timestamp":"2025-06-30T05:17:42.282398Z","level":"info","event":"apache-airflow-providers-odbc             4.9.2","chan":"stdout","logger":"task"}
{"timestamp":"2025-06-30T05:17:42.282488Z","level":"info","event":"apache-airflow-providers-openlineage      2.2.0","chan":"stdout","logger":"task"}
{"timestamp":"2025-06-30T05:17:42.282592Z","level":"info","event":"apache-airflow-providers-postgres         6.1.3","chan":"stdout","logger":"task"}
{"timestamp":"2025-06-30T05:17:42.282658Z","level":"info","event":"apache-airflow-providers-redis            4.0.2","chan":"stdout","logger":"task"}
{"timestamp":"2025-06-30T05:17:42.282724Z","level":"info","event":"apache-airflow-providers-sendgrid         4.0.1","chan":"stdout","logger":"task"}
{"timestamp":"2025-06-30T05:17:42.282789Z","level":"info","event":"apache-airflow-providers-sftp             5.2.1","chan":"stdout","logger":"task"}
{"timestamp":"2025-06-30T05:17:42.282855Z","level":"info","event":"apache-airflow-providers-slack            9.0.5","chan":"stdout","logger":"task"}
{"timestamp":"2025-06-30T05:17:42.282927Z","level":"info","event":"apache-airflow-providers-smtp             2.0.3","chan":"stdout","logger":"task"}
{"timestamp":"2025-06-30T05:17:42.283051Z","level":"info","event":"apache-airflow-providers-snowflake        6.2.2","chan":"stdout","logger":"task"}
{"timestamp":"2025-06-30T05:17:42.283123Z","level":"info","event":"apache-airflow-providers-ssh              4.0.1","chan":"stdout","logger":"task"}
{"timestamp":"2025-06-30T05:17:42.283196Z","level":"info","event":"apache-airflow-providers-standard         1.0.0","chan":"stdout","logger":"task"}
{"timestamp":"2025-06-30T05:17:42.283262Z","level":"info","event":"apache-airflow-task-sdk                   1.0.0","chan":"stdout","logger":"task"}
{"timestamp":"2025-06-30T05:17:42.283325Z","level":"info","event":"apispec                                   6.8.1","chan":"stdout","logger":"task"}
{"timestamp":"2025-06-30T05:17:42.283397Z","level":"info","event":"argcomplete                               3.6.2","chan":"stdout","logger":"task"}
{"timestamp":"2025-06-30T05:17:42.283470Z","level":"info","event":"asgiref                                   3.8.1","chan":"stdout","logger":"task"}
{"timestamp":"2025-06-30T05:17:42.283565Z","level":"info","event":"asn1crypto                                1.5.1","chan":"stdout","logger":"task"}
{"timestamp":"2025-06-30T05:17:42.283633Z","level":"info","event":"asyncpg                                   0.30.0","chan":"stdout","logger":"task"}
{"timestamp":"2025-06-30T05:17:42.283715Z","level":"info","event":"asyncssh                                  2.20.0","chan":"stdout","logger":"task"}
{"timestamp":"2025-06-30T05:17:42.283787Z","level":"info","event":"attrs                                     25.3.0","chan":"stdout","logger":"task"}
{"timestamp":"2025-06-30T05:17:42.283855Z","level":"info","event":"Authlib                                   1.3.1","chan":"stdout","logger":"task"}
{"timestamp":"2025-06-30T05:17:42.283922Z","level":"info","event":"azure-batch                               14.2.0","chan":"stdout","logger":"task"}
{"timestamp":"2025-06-30T05:17:42.283992Z","level":"info","event":"azure-common                              1.1.28","chan":"stdout","logger":"task"}
{"timestamp":"2025-06-30T05:17:42.284065Z","level":"info","event":"azure-core                                1.33.0","chan":"stdout","logger":"task"}
{"timestamp":"2025-06-30T05:17:42.284144Z","level":"info","event":"azure-cosmos                              4.9.0","chan":"stdout","logger":"task"}
{"timestamp":"2025-06-30T05:17:42.284212Z","level":"info","event":"azure-datalake-store                      0.0.53","chan":"stdout","logger":"task"}
{"timestamp":"2025-06-30T05:17:42.284285Z","level":"info","event":"azure-identity                            1.21.0","chan":"stdout","logger":"task"}
{"timestamp":"2025-06-30T05:17:42.284365Z","level":"info","event":"azure-keyvault-secrets                    4.9.0","chan":"stdout","logger":"task"}
{"timestamp":"2025-06-30T05:17:42.284443Z","level":"info","event":"azure-kusto-data                          5.0.2","chan":"stdout","logger":"task"}
{"timestamp":"2025-06-30T05:17:42.284529Z","level":"info","event":"azure-mgmt-containerinstance              10.1.0","chan":"stdout","logger":"task"}
{"timestamp":"2025-06-30T05:17:42.284637Z","level":"info","event":"azure-mgmt-containerregistry              13.0.0","chan":"stdout","logger":"task"}
{"timestamp":"2025-06-30T05:17:42.284709Z","level":"info","event":"azure-mgmt-core                           1.5.0","chan":"stdout","logger":"task"}
{"timestamp":"2025-06-30T05:17:42.284792Z","level":"info","event":"azure-mgmt-cosmosdb                       9.7.0","chan":"stdout","logger":"task"}
{"timestamp":"2025-06-30T05:17:42.284904Z","level":"info","event":"azure-mgmt-datafactory                    9.2.0","chan":"stdout","logger":"task"}
{"timestamp":"2025-06-30T05:17:42.284995Z","level":"info","event":"azure-mgmt-datalake-nspkg                 3.0.1","chan":"stdout","logger":"task"}
{"timestamp":"2025-06-30T05:17:42.285074Z","level":"info","event":"azure-mgmt-datalake-store                 0.5.0","chan":"stdout","logger":"task"}
{"timestamp":"2025-06-30T05:17:42.285146Z","level":"info","event":"azure-mgmt-nspkg                          3.0.2","chan":"stdout","logger":"task"}
{"timestamp":"2025-06-30T05:17:42.285278Z","level":"info","event":"azure-mgmt-resource                       23.3.0","chan":"stdout","logger":"task"}
{"timestamp":"2025-06-30T05:17:42.285352Z","level":"info","event":"azure-mgmt-storage                        22.2.0","chan":"stdout","logger":"task"}
{"timestamp":"2025-06-30T05:17:42.285427Z","level":"info","event":"azure-nspkg                               3.0.2","chan":"stdout","logger":"task"}
{"timestamp":"2025-06-30T05:17:42.285509Z","level":"info","event":"azure-servicebus                          7.14.2","chan":"stdout","logger":"task"}
{"timestamp":"2025-06-30T05:17:42.285588Z","level":"info","event":"azure-storage-blob                        12.25.1","chan":"stdout","logger":"task"}
{"timestamp":"2025-06-30T05:17:42.285663Z","level":"info","event":"azure-storage-file-datalake               12.20.0","chan":"stdout","logger":"task"}
{"timestamp":"2025-06-30T05:17:42.285741Z","level":"info","event":"azure-storage-file-share                  12.21.0","chan":"stdout","logger":"task"}
{"timestamp":"2025-06-30T05:17:42.285823Z","level":"info","event":"azure-synapse-artifacts                   0.20.0","chan":"stdout","logger":"task"}
{"timestamp":"2025-06-30T05:17:42.285902Z","level":"info","event":"azure-synapse-spark                       0.7.0","chan":"stdout","logger":"task"}
{"timestamp":"2025-06-30T05:17:42.285982Z","level":"info","event":"babel                                     2.17.0","chan":"stdout","logger":"task"}
{"timestamp":"2025-06-30T05:17:42.278192","level":"info","event":"Done. Returned value was: None","logger":"airflow.task.operators.airflow.providers.standard.operators.python.PythonOperator"}
{"timestamp":"2025-06-30T05:17:42.299687Z","level":"info","event":"backoff                                   2.2.1","chan":"stdout","logger":"task"}
{"timestamp":"2025-06-30T05:17:42.299816Z","level":"info","event":"bcrypt                                    4.3.0","chan":"stdout","logger":"task"}
{"timestamp":"2025-06-30T05:17:42.299917Z","level":"info","event":"beautifulsoup4                            4.13.4","chan":"stdout","logger":"task"}
{"timestamp":"2025-06-30T05:17:42.300021Z","level":"info","event":"billiard                                  4.2.1","chan":"stdout","logger":"task"}
{"timestamp":"2025-06-30T05:17:42.300109Z","level":"info","event":"blinker                                   1.9.0","chan":"stdout","logger":"task"}
{"timestamp":"2025-06-30T05:17:42.300192Z","level":"info","event":"boto3                                     1.37.1","chan":"stdout","logger":"task"}
{"timestamp":"2025-06-30T05:17:42.300273Z","level":"info","event":"botocore                                  1.37.1","chan":"stdout","logger":"task"}
{"timestamp":"2025-06-30T05:17:42.300348Z","level":"info","event":"cachelib                                  0.13.0","chan":"stdout","logger":"task"}
{"timestamp":"2025-06-30T05:17:42.300419Z","level":"info","event":"cachetools                                5.5.2","chan":"stdout","logger":"task"}
{"timestamp":"2025-06-30T05:17:42.300480Z","level":"info","event":"cadwyn                                    5.3.3","chan":"stdout","logger":"task"}
{"timestamp":"2025-06-30T05:17:42.300558Z","level":"info","event":"cattrs                                    24.1.3","chan":"stdout","logger":"task"}
{"timestamp":"2025-06-30T05:17:42.300620Z","level":"info","event":"celery                                    5.5.1","chan":"stdout","logger":"task"}
{"timestamp":"2025-06-30T05:17:42.300688Z","level":"info","event":"certifi                                   2025.1.31","chan":"stdout","logger":"task"}
{"timestamp":"2025-06-30T05:17:42.300751Z","level":"info","event":"cffi                                      1.17.1","chan":"stdout","logger":"task"}
{"timestamp":"2025-06-30T05:17:42.300804Z","level":"info","event":"chardet                                   5.2.0","chan":"stdout","logger":"task"}
{"timestamp":"2025-06-30T05:17:42.300869Z","level":"info","event":"charset-normalizer                        3.4.1","chan":"stdout","logger":"task"}
{"timestamp":"2025-06-30T05:17:42.301006Z","level":"info","event":"click                                     8.1.8","chan":"stdout","logger":"task"}
{"timestamp":"2025-06-30T05:17:42.301093Z","level":"info","event":"click-didyoumean                          0.3.1","chan":"stdout","logger":"task"}
{"timestamp":"2025-06-30T05:17:42.301178Z","level":"info","event":"click-plugins                             1.1.1","chan":"stdout","logger":"task"}
{"timestamp":"2025-06-30T05:17:42.301254Z","level":"info","event":"click-repl                                0.3.0","chan":"stdout","logger":"task"}
{"timestamp":"2025-06-30T05:17:42.301322Z","level":"info","event":"clickclick                                20.10.2","chan":"stdout","logger":"task"}
{"timestamp":"2025-06-30T05:17:42.301391Z","level":"info","event":"colorama                                  0.4.6","chan":"stdout","logger":"task"}
{"timestamp":"2025-06-30T05:17:42.301467Z","level":"info","event":"colorlog                                  6.9.0","chan":"stdout","logger":"task"}
{"timestamp":"2025-06-30T05:17:42.301555Z","level":"info","event":"connexion                                 2.14.2","chan":"stdout","logger":"task"}
{"timestamp":"2025-06-30T05:17:42.301632Z","level":"info","event":"cron-descriptor                           1.4.5","chan":"stdout","logger":"task"}
{"timestamp":"2025-06-30T05:17:42.301706Z","level":"info","event":"croniter                                  6.0.0","chan":"stdout","logger":"task"}
{"timestamp":"2025-06-30T05:17:42.301787Z","level":"info","event":"cryptography                              42.0.8","chan":"stdout","logger":"task"}
{"timestamp":"2025-06-30T05:17:42.301860Z","level":"info","event":"db-dtypes                                 1.4.2","chan":"stdout","logger":"task"}
{"timestamp":"2025-06-30T05:17:42.301943Z","level":"info","event":"decorator                                 5.2.1","chan":"stdout","logger":"task"}
{"timestamp":"2025-06-30T05:17:42.302018Z","level":"info","event":"Deprecated                                1.2.18","chan":"stdout","logger":"task"}
{"timestamp":"2025-06-30T05:17:42.302096Z","level":"info","event":"dill                                      0.3.1.1","chan":"stdout","logger":"task"}
{"timestamp":"2025-06-30T05:17:42.302181Z","level":"info","event":"dnspython                                 2.7.0","chan":"stdout","logger":"task"}
{"timestamp":"2025-06-30T05:17:42.302256Z","level":"info","event":"docker                                    7.1.0","chan":"stdout","logger":"task"}
{"timestamp":"2025-06-30T05:17:42.302321Z","level":"info","event":"docstring_parser                          0.16","chan":"stdout","logger":"task"}
{"timestamp":"2025-06-30T05:17:42.302399Z","level":"info","event":"durationpy                                0.9","chan":"stdout","logger":"task"}
{"timestamp":"2025-06-30T05:17:42.302476Z","level":"info","event":"elastic-transport                         8.17.1","chan":"stdout","logger":"task"}
{"timestamp":"2025-06-30T05:17:42.302564Z","level":"info","event":"elasticsearch                             8.18.0","chan":"stdout","logger":"task"}
{"timestamp":"2025-06-30T05:17:42.302647Z","level":"info","event":"email_validator                           2.2.0","chan":"stdout","logger":"task"}
{"timestamp":"2025-06-30T05:17:42.302734Z","level":"info","event":"eventlet                                  0.39.1","chan":"stdout","logger":"task"}
{"timestamp":"2025-06-30T05:17:42.302813Z","level":"info","event":"fastapi                                   0.115.12","chan":"stdout","logger":"task"}
{"timestamp":"2025-06-30T05:17:42.302888Z","level":"info","event":"fastapi-cli                               0.0.7","chan":"stdout","logger":"task"}
{"timestamp":"2025-06-30T05:17:42.302968Z","level":"info","event":"filelock                                  3.18.0","chan":"stdout","logger":"task"}
{"timestamp":"2025-06-30T05:17:42.303044Z","level":"info","event":"Flask                                     2.2.5","chan":"stdout","logger":"task"}
{"timestamp":"2025-06-30T05:17:42.303163Z","level":"info","event":"Flask-AppBuilder                          4.5.3","chan":"stdout","logger":"task"}
{"timestamp":"2025-06-30T05:17:42.303235Z","level":"info","event":"Flask-Babel                               2.0.0","chan":"stdout","logger":"task"}
{"timestamp":"2025-06-30T05:17:42.303304Z","level":"info","event":"Flask-JWT-Extended                        4.7.1","chan":"stdout","logger":"task"}
{"timestamp":"2025-06-30T05:17:42.303373Z","level":"info","event":"Flask-Limiter                             3.12","chan":"stdout","logger":"task"}
{"timestamp":"2025-06-30T05:17:42.303440Z","level":"info","event":"Flask-Login                               0.6.3","chan":"stdout","logger":"task"}
{"timestamp":"2025-06-30T05:17:42.303517Z","level":"info","event":"Flask-Session                             0.5.0","chan":"stdout","logger":"task"}
{"timestamp":"2025-06-30T05:17:42.303588Z","level":"info","event":"Flask-SQLAlchemy                          2.5.1","chan":"stdout","logger":"task"}
{"timestamp":"2025-06-30T05:17:42.303667Z","level":"info","event":"Flask-WTF                                 1.2.2","chan":"stdout","logger":"task"}
{"timestamp":"2025-06-30T05:17:42.303750Z","level":"info","event":"flower                                    2.0.1","chan":"stdout","logger":"task"}
{"timestamp":"2025-06-30T05:17:42.303835Z","level":"info","event":"frozenlist                                1.6.0","chan":"stdout","logger":"task"}
{"timestamp":"2025-06-30T05:17:42.303914Z","level":"info","event":"fsspec                                    2025.3.2","chan":"stdout","logger":"task"}
{"timestamp":"2025-06-30T05:17:42.303990Z","level":"info","event":"gcloud-aio-auth                           5.4.1","chan":"stdout","logger":"task"}
{"timestamp":"2025-06-30T05:17:42.304066Z","level":"info","event":"gcloud-aio-bigquery                       7.1.0","chan":"stdout","logger":"task"}
{"timestamp":"2025-06-30T05:17:42.304134Z","level":"info","event":"gcloud-aio-storage                        9.4.0","chan":"stdout","logger":"task"}
{"timestamp":"2025-06-30T05:17:42.304199Z","level":"info","event":"gcsfs                                     2025.3.2","chan":"stdout","logger":"task"}
{"timestamp":"2025-06-30T05:17:42.304271Z","level":"info","event":"gevent                                    25.4.1","chan":"stdout","logger":"task"}
{"timestamp":"2025-06-30T05:17:42.304348Z","level":"info","event":"gitdb                                     4.0.12","chan":"stdout","logger":"task"}
{"timestamp":"2025-06-30T05:17:42.304430Z","level":"info","event":"GitPython                                 3.1.44","chan":"stdout","logger":"task"}
{"timestamp":"2025-06-30T05:17:42.304490Z","level":"info","event":"google-ads                                26.1.0","chan":"stdout","logger":"task"}
{"timestamp":"2025-06-30T05:17:42.304568Z","level":"info","event":"google-analytics-admin                    0.24.0","chan":"stdout","logger":"task"}
{"timestamp":"2025-06-30T05:17:42.304633Z","level":"info","event":"google-api-core                           2.24.2","chan":"stdout","logger":"task"}
{"timestamp":"2025-06-30T05:17:42.304700Z","level":"info","event":"google-api-python-client                  2.167.0","chan":"stdout","logger":"task"}
{"timestamp":"2025-06-30T05:17:42.304792Z","level":"info","event":"google-auth                               2.39.0","chan":"stdout","logger":"task"}
{"timestamp":"2025-06-30T05:17:42.304862Z","level":"info","event":"google-auth-httplib2                      0.2.0","chan":"stdout","logger":"task"}
{"timestamp":"2025-06-30T05:17:42.304932Z","level":"info","event":"google-auth-oauthlib                      1.2.1","chan":"stdout","logger":"task"}
{"timestamp":"2025-06-30T05:17:42.305016Z","level":"info","event":"google-cloud-aiplatform                   1.89.0","chan":"stdout","logger":"task"}
{"timestamp":"2025-06-30T05:17:42.305101Z","level":"info","event":"google-cloud-alloydb                      0.4.5","chan":"stdout","logger":"task"}
{"timestamp":"2025-06-30T05:17:42.305178Z","level":"info","event":"google-cloud-appengine-logging            1.6.1","chan":"stdout","logger":"task"}
{"timestamp":"2025-06-30T05:17:42.305331Z","level":"info","event":"google-cloud-audit-log                    0.3.2","chan":"stdout","logger":"task"}
{"timestamp":"2025-06-30T05:17:42.305395Z","level":"info","event":"google-cloud-automl                       2.16.3","chan":"stdout","logger":"task"}
{"timestamp":"2025-06-30T05:17:42.305457Z","level":"info","event":"google-cloud-batch                        0.17.35","chan":"stdout","logger":"task"}
{"timestamp":"2025-06-30T05:17:42.305523Z","level":"info","event":"google-cloud-bigquery                     3.31.0","chan":"stdout","logger":"task"}
{"timestamp":"2025-06-30T05:17:42.305603Z","level":"info","event":"google-cloud-bigquery-datatransfer        3.19.1","chan":"stdout","logger":"task"}
{"timestamp":"2025-06-30T05:17:42.305685Z","level":"info","event":"google-cloud-bigtable                     2.30.1","chan":"stdout","logger":"task"}
{"timestamp":"2025-06-30T05:17:42.305755Z","level":"info","event":"google-cloud-build                        3.31.1","chan":"stdout","logger":"task"}
{"timestamp":"2025-06-30T05:17:42.305827Z","level":"info","event":"google-cloud-compute                      1.30.0","chan":"stdout","logger":"task"}
{"timestamp":"2025-06-30T05:17:42.305910Z","level":"info","event":"google-cloud-container                    2.56.1","chan":"stdout","logger":"task"}
{"timestamp":"2025-06-30T05:17:42.305987Z","level":"info","event":"google-cloud-core                         2.4.3","chan":"stdout","logger":"task"}
{"timestamp":"2025-06-30T05:17:42.306057Z","level":"info","event":"google-cloud-datacatalog                  3.26.1","chan":"stdout","logger":"task"}
{"timestamp":"2025-06-30T05:17:42.306123Z","level":"info","event":"google-cloud-dataflow-client              0.8.17","chan":"stdout","logger":"task"}
{"timestamp":"2025-06-30T05:17:42.306187Z","level":"info","event":"google-cloud-dataform                     0.6.1","chan":"stdout","logger":"task"}
{"timestamp":"2025-06-30T05:17:42.306333Z","level":"info","event":"google-cloud-dataplex                     2.10.1","chan":"stdout","logger":"task"}
{"timestamp":"2025-06-30T05:17:42.306404Z","level":"info","event":"google-cloud-dataproc                     5.18.1","chan":"stdout","logger":"task"}
{"timestamp":"2025-06-30T05:17:42.306485Z","level":"info","event":"google-cloud-dataproc-metastore           1.18.2","chan":"stdout","logger":"task"}
{"timestamp":"2025-06-30T05:17:42.306598Z","level":"info","event":"google-cloud-dlp                          3.29.0","chan":"stdout","logger":"task"}
{"timestamp":"2025-06-30T05:17:42.306683Z","level":"info","event":"google-cloud-kms                          3.4.1","chan":"stdout","logger":"task"}
{"timestamp":"2025-06-30T05:17:42.306747Z","level":"info","event":"google-cloud-language                     2.17.1","chan":"stdout","logger":"task"}
{"timestamp":"2025-06-30T05:17:42.306809Z","level":"info","event":"google-cloud-logging                      3.12.0","chan":"stdout","logger":"task"}
{"timestamp":"2025-06-30T05:17:42.306877Z","level":"info","event":"google-cloud-managedkafka                 0.1.9","chan":"stdout","logger":"task"}
{"timestamp":"2025-06-30T05:17:42.306943Z","level":"info","event":"google-cloud-memcache                     1.12.1","chan":"stdout","logger":"task"}
{"timestamp":"2025-06-30T05:17:42.306999Z","level":"info","event":"google-cloud-monitoring                   2.27.1","chan":"stdout","logger":"task"}
{"timestamp":"2025-06-30T05:17:42.307048Z","level":"info","event":"google-cloud-orchestration-airflow        1.17.5","chan":"stdout","logger":"task"}
{"timestamp":"2025-06-30T05:17:42.307113Z","level":"info","event":"google-cloud-os-login                     2.17.1","chan":"stdout","logger":"task"}
{"timestamp":"2025-06-30T05:17:42.307170Z","level":"info","event":"google-cloud-pubsub                       2.29.0","chan":"stdout","logger":"task"}
{"timestamp":"2025-06-30T05:17:42.307228Z","level":"info","event":"google-cloud-redis                        2.18.1","chan":"stdout","logger":"task"}
{"timestamp":"2025-06-30T05:17:42.307332Z","level":"info","event":"google-cloud-resource-manager             1.14.2","chan":"stdout","logger":"task"}
{"timestamp":"2025-06-30T05:17:42.307402Z","level":"info","event":"google-cloud-run                          0.10.17","chan":"stdout","logger":"task"}
{"timestamp":"2025-06-30T05:17:42.307462Z","level":"info","event":"google-cloud-secret-manager               2.23.3","chan":"stdout","logger":"task"}
{"timestamp":"2025-06-30T05:17:42.307523Z","level":"info","event":"google-cloud-spanner                      3.53.0","chan":"stdout","logger":"task"}
{"timestamp":"2025-06-30T05:17:42.307594Z","level":"info","event":"google-cloud-speech                       2.32.0","chan":"stdout","logger":"task"}
{"timestamp":"2025-06-30T05:17:42.307663Z","level":"info","event":"google-cloud-storage                      2.19.0","chan":"stdout","logger":"task"}
{"timestamp":"2025-06-30T05:17:42.307736Z","level":"info","event":"google-cloud-storage-transfer             1.16.1","chan":"stdout","logger":"task"}
{"timestamp":"2025-06-30T05:17:42.307804Z","level":"info","event":"google-cloud-tasks                        2.19.2","chan":"stdout","logger":"task"}
{"timestamp":"2025-06-30T05:17:42.307869Z","level":"info","event":"google-cloud-texttospeech                 2.26.0","chan":"stdout","logger":"task"}
{"timestamp":"2025-06-30T05:17:42.307935Z","level":"info","event":"google-cloud-translate                    3.20.2","chan":"stdout","logger":"task"}
{"timestamp":"2025-06-30T05:17:42.308003Z","level":"info","event":"google-cloud-videointelligence            2.16.1","chan":"stdout","logger":"task"}
{"timestamp":"2025-06-30T05:17:42.308070Z","level":"info","event":"google-cloud-vision                       3.10.1","chan":"stdout","logger":"task"}
{"timestamp":"2025-06-30T05:17:42.308134Z","level":"info","event":"google-cloud-workflows                    1.18.1","chan":"stdout","logger":"task"}
{"timestamp":"2025-06-30T05:17:42.308207Z","level":"info","event":"google-crc32c                             1.7.1","chan":"stdout","logger":"task"}
{"timestamp":"2025-06-30T05:17:42.308272Z","level":"info","event":"google-resumable-media                    2.7.2","chan":"stdout","logger":"task"}
{"timestamp":"2025-06-30T05:17:42.308344Z","level":"info","event":"googleapis-common-protos                  1.70.0","chan":"stdout","logger":"task"}
{"timestamp":"2025-06-30T05:17:42.308411Z","level":"info","event":"graphviz                                  0.20.3","chan":"stdout","logger":"task"}
{"timestamp":"2025-06-30T05:17:42.308482Z","level":"info","event":"greenlet                                  3.2.0","chan":"stdout","logger":"task"}
{"timestamp":"2025-06-30T05:17:42.308564Z","level":"info","event":"grpc-google-iam-v1                        0.14.2","chan":"stdout","logger":"task"}
{"timestamp":"2025-06-30T05:17:42.308621Z","level":"info","event":"grpc-interceptor                          0.15.4","chan":"stdout","logger":"task"}
{"timestamp":"2025-06-30T05:17:42.308680Z","level":"info","event":"grpcio                                    1.71.0","chan":"stdout","logger":"task"}
{"timestamp":"2025-06-30T05:17:42.308747Z","level":"info","event":"grpcio-gcp                                0.2.2","chan":"stdout","logger":"task"}
{"timestamp":"2025-06-30T05:17:42.308807Z","level":"info","event":"grpcio-status                             1.62.3","chan":"stdout","logger":"task"}
{"timestamp":"2025-06-30T05:17:42.308865Z","level":"info","event":"gunicorn                                  23.0.0","chan":"stdout","logger":"task"}
{"timestamp":"2025-06-30T05:17:42.308932Z","level":"info","event":"h11                                       0.14.0","chan":"stdout","logger":"task"}
{"timestamp":"2025-06-30T05:17:42.309006Z","level":"info","event":"h2                                        4.2.0","chan":"stdout","logger":"task"}
{"timestamp":"2025-06-30T05:17:42.309085Z","level":"info","event":"hpack                                     4.1.0","chan":"stdout","logger":"task"}
{"timestamp":"2025-06-30T05:17:42.309212Z","level":"info","event":"httpcore                                  1.0.8","chan":"stdout","logger":"task"}
{"timestamp":"2025-06-30T05:17:42.309282Z","level":"info","event":"httplib2                                  0.22.0","chan":"stdout","logger":"task"}
{"timestamp":"2025-06-30T05:17:42.309347Z","level":"info","event":"httptools                                 0.6.4","chan":"stdout","logger":"task"}
{"timestamp":"2025-06-30T05:17:42.309418Z","level":"info","event":"httpx                                     0.27.0","chan":"stdout","logger":"task"}
{"timestamp":"2025-06-30T05:17:42.309514Z","level":"info","event":"humanize                                  4.12.2","chan":"stdout","logger":"task"}
{"timestamp":"2025-06-30T05:17:42.309592Z","level":"info","event":"hvac                                      2.3.0","chan":"stdout","logger":"task"}
{"timestamp":"2025-06-30T05:17:42.309663Z","level":"info","event":"hyperframe                                6.1.0","chan":"stdout","logger":"task"}
{"timestamp":"2025-06-30T05:17:42.309726Z","level":"info","event":"idna                                      3.10","chan":"stdout","logger":"task"}
{"timestamp":"2025-06-30T05:17:42.309800Z","level":"info","event":"ijson                                     3.3.0","chan":"stdout","logger":"task"}
{"timestamp":"2025-06-30T05:17:42.309869Z","level":"info","event":"immutabledict                             4.2.1","chan":"stdout","logger":"task"}
{"timestamp":"2025-06-30T05:17:42.309943Z","level":"info","event":"importlib_metadata                        8.4.0","chan":"stdout","logger":"task"}
{"timestamp":"2025-06-30T05:17:42.310016Z","level":"info","event":"inflection                                0.5.1","chan":"stdout","logger":"task"}
{"timestamp":"2025-06-30T05:17:42.310093Z","level":"info","event":"isodate                                   0.7.2","chan":"stdout","logger":"task"}
{"timestamp":"2025-06-30T05:17:42.310172Z","level":"info","event":"itsdangerous                              2.2.0","chan":"stdout","logger":"task"}
{"timestamp":"2025-06-30T05:17:42.310240Z","level":"info","event":"Jinja2                                    3.1.6","chan":"stdout","logger":"task"}
{"timestamp":"2025-06-30T05:17:42.310313Z","level":"info","event":"jmespath                                  0.10.0","chan":"stdout","logger":"task"}
{"timestamp":"2025-06-30T05:17:42.310370Z","level":"info","event":"joblib                                    1.4.2","chan":"stdout","logger":"task"}
{"timestamp":"2025-06-30T05:17:42.310430Z","level":"info","event":"jsonpath-ng                               1.7.0","chan":"stdout","logger":"task"}
{"timestamp":"2025-06-30T05:17:42.310485Z","level":"info","event":"jsonschema                                4.23.0","chan":"stdout","logger":"task"}
{"timestamp":"2025-06-30T05:17:42.310624Z","level":"info","event":"jsonschema-specifications                 2024.10.1","chan":"stdout","logger":"task"}
{"timestamp":"2025-06-30T05:17:42.310689Z","level":"info","event":"kombu                                     5.5.3","chan":"stdout","logger":"task"}
{"timestamp":"2025-06-30T05:17:42.310758Z","level":"info","event":"kubernetes                                31.0.0","chan":"stdout","logger":"task"}
{"timestamp":"2025-06-30T05:17:42.310818Z","level":"info","event":"kubernetes_asyncio                        30.3.1","chan":"stdout","logger":"task"}
{"timestamp":"2025-06-30T05:17:42.310879Z","level":"info","event":"lazy-object-proxy                         1.11.0","chan":"stdout","logger":"task"}
{"timestamp":"2025-06-30T05:17:42.310948Z","level":"info","event":"libcst                                    1.7.0","chan":"stdout","logger":"task"}
{"timestamp":"2025-06-30T05:17:42.311021Z","level":"info","event":"limits                                    5.0.0","chan":"stdout","logger":"task"}
{"timestamp":"2025-06-30T05:17:42.311091Z","level":"info","event":"linkify-it-py                             2.0.3","chan":"stdout","logger":"task"}
{"timestamp":"2025-06-30T05:17:42.311155Z","level":"info","event":"lockfile                                  0.12.2","chan":"stdout","logger":"task"}
{"timestamp":"2025-06-30T05:17:42.311261Z","level":"info","event":"looker-sdk                                25.4.0","chan":"stdout","logger":"task"}
{"timestamp":"2025-06-30T05:17:42.311327Z","level":"info","event":"lxml                                      5.3.2","chan":"stdout","logger":"task"}
{"timestamp":"2025-06-30T05:17:42.311385Z","level":"info","event":"Mako                                      1.3.10","chan":"stdout","logger":"task"}
{"timestamp":"2025-06-30T05:17:42.311444Z","level":"info","event":"markdown-it-py                            3.0.0","chan":"stdout","logger":"task"}
{"timestamp":"2025-06-30T05:17:42.311513Z","level":"info","event":"MarkupSafe                                3.0.2","chan":"stdout","logger":"task"}
{"timestamp":"2025-06-30T05:17:42.311576Z","level":"info","event":"marshmallow                               3.26.1","chan":"stdout","logger":"task"}
{"timestamp":"2025-06-30T05:17:42.311635Z","level":"info","event":"marshmallow-sqlalchemy                    0.28.2","chan":"stdout","logger":"task"}
{"timestamp":"2025-06-30T05:17:42.311706Z","level":"info","event":"mdurl                                     0.1.2","chan":"stdout","logger":"task"}
{"timestamp":"2025-06-30T05:17:42.311763Z","level":"info","event":"methodtools                               0.4.7","chan":"stdout","logger":"task"}
{"timestamp":"2025-06-30T05:17:42.311845Z","level":"info","event":"microsoft-kiota-abstractions              1.9.3","chan":"stdout","logger":"task"}
{"timestamp":"2025-06-30T05:17:42.311933Z","level":"info","event":"microsoft-kiota-authentication-azure      1.9.3","chan":"stdout","logger":"task"}
{"timestamp":"2025-06-30T05:17:42.312003Z","level":"info","event":"microsoft-kiota-http                      1.9.3","chan":"stdout","logger":"task"}
{"timestamp":"2025-06-30T05:17:42.312069Z","level":"info","event":"microsoft-kiota-serialization-json        1.9.3","chan":"stdout","logger":"task"}
{"timestamp":"2025-06-30T05:17:42.312154Z","level":"info","event":"microsoft-kiota-serialization-text        1.9.3","chan":"stdout","logger":"task"}
{"timestamp":"2025-06-30T05:17:42.312231Z","level":"info","event":"more-itertools                            10.6.0","chan":"stdout","logger":"task"}
{"timestamp":"2025-06-30T05:17:42.312339Z","level":"info","event":"msal                                      1.32.0","chan":"stdout","logger":"task"}
{"timestamp":"2025-06-30T05:17:42.312439Z","level":"info","event":"msal-extensions                           1.3.1","chan":"stdout","logger":"task"}
{"timestamp":"2025-06-30T05:17:42.312521Z","level":"info","event":"msgraph-core                              1.3.3","chan":"stdout","logger":"task"}
{"timestamp":"2025-06-30T05:17:42.312591Z","level":"info","event":"msgspec                                   0.19.0","chan":"stdout","logger":"task"}
{"timestamp":"2025-06-30T05:17:42.312667Z","level":"info","event":"msrest                                    0.7.1","chan":"stdout","logger":"task"}
{"timestamp":"2025-06-30T05:17:42.312741Z","level":"info","event":"msrestazure                               0.6.4.post1","chan":"stdout","logger":"task"}
{"timestamp":"2025-06-30T05:17:42.312816Z","level":"info","event":"multidict                                 6.4.3","chan":"stdout","logger":"task"}
{"timestamp":"2025-06-30T05:17:42.312890Z","level":"info","event":"mysql-connector-python                    9.3.0","chan":"stdout","logger":"task"}
{"timestamp":"2025-06-30T05:17:42.312953Z","level":"info","event":"mysqlclient                               2.2.7","chan":"stdout","logger":"task"}
{"timestamp":"2025-06-30T05:17:42.313016Z","level":"info","event":"numpy                                     1.26.4","chan":"stdout","logger":"task"}
{"timestamp":"2025-06-30T05:17:42.313093Z","level":"info","event":"oauthlib                                  3.2.2","chan":"stdout","logger":"task"}
{"timestamp":"2025-06-30T05:17:42.313159Z","level":"info","event":"openlineage-integration-common            1.31.0","chan":"stdout","logger":"task"}
{"timestamp":"2025-06-30T05:17:42.313282Z","level":"info","event":"openlineage-python                        1.31.0","chan":"stdout","logger":"task"}
{"timestamp":"2025-06-30T05:17:42.313355Z","level":"info","event":"openlineage_sql                           1.31.0","chan":"stdout","logger":"task"}
{"timestamp":"2025-06-30T05:17:42.313410Z","level":"info","event":"opentelemetry-api                         1.27.0","chan":"stdout","logger":"task"}
{"timestamp":"2025-06-30T05:17:42.313472Z","level":"info","event":"opentelemetry-exporter-otlp               1.27.0","chan":"stdout","logger":"task"}
{"timestamp":"2025-06-30T05:17:42.313571Z","level":"info","event":"opentelemetry-exporter-otlp-proto-common  1.27.0","chan":"stdout","logger":"task"}
{"timestamp":"2025-06-30T05:17:42.313643Z","level":"info","event":"opentelemetry-exporter-otlp-proto-grpc    1.27.0","chan":"stdout","logger":"task"}
{"timestamp":"2025-06-30T05:17:42.313704Z","level":"info","event":"opentelemetry-exporter-otlp-proto-http    1.27.0","chan":"stdout","logger":"task"}
{"timestamp":"2025-06-30T05:17:42.313767Z","level":"info","event":"opentelemetry-proto                       1.27.0","chan":"stdout","logger":"task"}
{"timestamp":"2025-06-30T05:17:42.313835Z","level":"info","event":"opentelemetry-sdk                         1.27.0","chan":"stdout","logger":"task"}
{"timestamp":"2025-06-30T05:17:42.313905Z","level":"info","event":"opentelemetry-semantic-conventions        0.48b0","chan":"stdout","logger":"task"}
{"timestamp":"2025-06-30T05:17:42.313982Z","level":"info","event":"ordered-set                               4.1.0","chan":"stdout","logger":"task"}
{"timestamp":"2025-06-30T05:17:42.314064Z","level":"info","event":"packaging                                 24.2","chan":"stdout","logger":"task"}
{"timestamp":"2025-06-30T05:17:42.314136Z","level":"info","event":"pandas                                    2.1.4","chan":"stdout","logger":"task"}
{"timestamp":"2025-06-30T05:17:42.314217Z","level":"info","event":"pandas-gbq                                0.28.0","chan":"stdout","logger":"task"}
{"timestamp":"2025-06-30T05:17:42.314290Z","level":"info","event":"paramiko                                  3.5.1","chan":"stdout","logger":"task"}
{"timestamp":"2025-06-30T05:17:42.314364Z","level":"info","event":"pathspec                                  0.12.1","chan":"stdout","logger":"task"}
{"timestamp":"2025-06-30T05:17:42.314432Z","level":"info","event":"pendulum                                  3.1.0","chan":"stdout","logger":"task"}
{"timestamp":"2025-06-30T05:17:42.314512Z","level":"info","event":"pip                                       25.0.1","chan":"stdout","logger":"task"}
{"timestamp":"2025-06-30T05:17:42.314654Z","level":"info","event":"platformdirs                              4.3.7","chan":"stdout","logger":"task"}
{"timestamp":"2025-06-30T05:17:42.314731Z","level":"info","event":"pluggy                                    1.5.0","chan":"stdout","logger":"task"}
{"timestamp":"2025-06-30T05:17:42.314809Z","level":"info","event":"ply                                       3.11","chan":"stdout","logger":"task"}
{"timestamp":"2025-06-30T05:17:42.314881Z","level":"info","event":"prison                                    0.2.1","chan":"stdout","logger":"task"}
{"timestamp":"2025-06-30T05:17:42.314960Z","level":"info","event":"prometheus_client                         0.21.1","chan":"stdout","logger":"task"}
{"timestamp":"2025-06-30T05:17:42.315027Z","level":"info","event":"prompt_toolkit                            3.0.51","chan":"stdout","logger":"task"}
{"timestamp":"2025-06-30T05:17:42.315092Z","level":"info","event":"propcache                                 0.3.1","chan":"stdout","logger":"task"}
{"timestamp":"2025-06-30T05:17:42.315156Z","level":"info","event":"proto-plus                                1.26.1","chan":"stdout","logger":"task"}
{"timestamp":"2025-06-30T05:17:42.315223Z","level":"info","event":"protobuf                                  4.25.6","chan":"stdout","logger":"task"}
{"timestamp":"2025-06-30T05:17:42.315328Z","level":"info","event":"psutil                                    7.0.0","chan":"stdout","logger":"task"}
{"timestamp":"2025-06-30T05:17:42.315394Z","level":"info","event":"psycopg2-binary                           2.9.10","chan":"stdout","logger":"task"}
{"timestamp":"2025-06-30T05:17:42.315460Z","level":"info","event":"pyarrow                                   16.1.0","chan":"stdout","logger":"task"}
{"timestamp":"2025-06-30T05:17:42.315525Z","level":"info","event":"pyasn1                                    0.6.1","chan":"stdout","logger":"task"}
{"timestamp":"2025-06-30T05:17:42.315590Z","level":"info","event":"pyasn1_modules                            0.4.1","chan":"stdout","logger":"task"}
{"timestamp":"2025-06-30T05:17:42.315656Z","level":"info","event":"PyAthena                                  3.12.2","chan":"stdout","logger":"task"}
{"timestamp":"2025-06-30T05:17:42.315716Z","level":"info","event":"pycparser                                 2.22","chan":"stdout","logger":"task"}
{"timestamp":"2025-06-30T05:17:42.315789Z","level":"info","event":"pydantic                                  2.11.3","chan":"stdout","logger":"task"}
{"timestamp":"2025-06-30T05:17:42.315866Z","level":"info","event":"pydantic_core                             2.33.1","chan":"stdout","logger":"task"}
{"timestamp":"2025-06-30T05:17:42.315935Z","level":"info","event":"pydata-google-auth                        1.9.1","chan":"stdout","logger":"task"}
{"timestamp":"2025-06-30T05:17:42.315999Z","level":"info","event":"Pygments                                  2.19.1","chan":"stdout","logger":"task"}
{"timestamp":"2025-06-30T05:17:42.316067Z","level":"info","event":"PyJWT                                     2.10.1","chan":"stdout","logger":"task"}
{"timestamp":"2025-06-30T05:17:42.316134Z","level":"info","event":"PyMySQL                                   1.1.1","chan":"stdout","logger":"task"}
{"timestamp":"2025-06-30T05:17:42.316201Z","level":"info","event":"PyNaCl                                    1.5.0","chan":"stdout","logger":"task"}
{"timestamp":"2025-06-30T05:17:42.316266Z","level":"info","event":"pyodbc                                    5.2.0","chan":"stdout","logger":"task"}
{"timestamp":"2025-06-30T05:17:42.316337Z","level":"info","event":"pyOpenSSL                                 25.0.0","chan":"stdout","logger":"task"}
{"timestamp":"2025-06-30T05:17:42.316402Z","level":"info","event":"pyparsing                                 3.2.3","chan":"stdout","logger":"task"}
{"timestamp":"2025-06-30T05:17:42.316468Z","level":"info","event":"python-daemon                             3.1.2","chan":"stdout","logger":"task"}
{"timestamp":"2025-06-30T05:17:42.316530Z","level":"info","event":"python-dateutil                           2.9.0.post0","chan":"stdout","logger":"task"}
{"timestamp":"2025-06-30T05:17:42.316593Z","level":"info","event":"python-dotenv                             1.1.0","chan":"stdout","logger":"task"}
{"timestamp":"2025-06-30T05:17:42.316659Z","level":"info","event":"python-http-client                        3.3.7","chan":"stdout","logger":"task"}
{"timestamp":"2025-06-30T05:17:42.316729Z","level":"info","event":"python-ldap                               3.4.4","chan":"stdout","logger":"task"}
{"timestamp":"2025-06-30T05:17:42.316797Z","level":"info","event":"python-multipart                          0.0.20","chan":"stdout","logger":"task"}
{"timestamp":"2025-06-30T05:17:42.316864Z","level":"info","event":"python-slugify                            8.0.4","chan":"stdout","logger":"task"}
{"timestamp":"2025-06-30T05:17:42.316926Z","level":"info","event":"python3-saml                              1.16.0","chan":"stdout","logger":"task"}
{"timestamp":"2025-06-30T05:17:42.316989Z","level":"info","event":"pytz                                      2025.2","chan":"stdout","logger":"task"}
{"timestamp":"2025-06-30T05:17:42.317057Z","level":"info","event":"PyYAML                                    6.0.2","chan":"stdout","logger":"task"}
{"timestamp":"2025-06-30T05:17:42.317121Z","level":"info","event":"redis                                     5.2.1","chan":"stdout","logger":"task"}
{"timestamp":"2025-06-30T05:17:42.317225Z","level":"info","event":"redshift-connector                        2.1.5","chan":"stdout","logger":"task"}
{"timestamp":"2025-06-30T05:17:42.317292Z","level":"info","event":"referencing                               0.36.2","chan":"stdout","logger":"task"}
{"timestamp":"2025-06-30T05:17:42.317363Z","level":"info","event":"requests                                  2.32.3","chan":"stdout","logger":"task"}
{"timestamp":"2025-06-30T05:17:42.317427Z","level":"info","event":"requests-oauthlib                         2.0.0","chan":"stdout","logger":"task"}
{"timestamp":"2025-06-30T05:17:42.317492Z","level":"info","event":"requests-toolbelt                         1.0.0","chan":"stdout","logger":"task"}
{"timestamp":"2025-06-30T05:17:42.317574Z","level":"info","event":"retryhttp                                 1.3.2","chan":"stdout","logger":"task"}
{"timestamp":"2025-06-30T05:17:42.317638Z","level":"info","event":"rich                                      13.9.4","chan":"stdout","logger":"task"}
{"timestamp":"2025-06-30T05:17:42.317703Z","level":"info","event":"rich-argparse                             1.7.0","chan":"stdout","logger":"task"}
{"timestamp":"2025-06-30T05:17:42.317772Z","level":"info","event":"rich-toolkit                              0.14.1","chan":"stdout","logger":"task"}
{"timestamp":"2025-06-30T05:17:42.317838Z","level":"info","event":"rpds-py                                   0.24.0","chan":"stdout","logger":"task"}
{"timestamp":"2025-06-30T05:17:42.317918Z","level":"info","event":"rsa                                       4.9.1","chan":"stdout","logger":"task"}
{"timestamp":"2025-06-30T05:17:42.317988Z","level":"info","event":"ruamel.yaml                               0.18.10","chan":"stdout","logger":"task"}
{"timestamp":"2025-06-30T05:17:42.318051Z","level":"info","event":"ruamel.yaml.clib                          0.2.12","chan":"stdout","logger":"task"}
{"timestamp":"2025-06-30T05:17:42.318113Z","level":"info","event":"s3transfer                                0.11.3","chan":"stdout","logger":"task"}
{"timestamp":"2025-06-30T05:17:42.318191Z","level":"info","event":"sagemaker_studio                          1.0.13","chan":"stdout","logger":"task"}
{"timestamp":"2025-06-30T05:17:42.318254Z","level":"info","event":"scikit-learn                              1.6.1","chan":"stdout","logger":"task"}
{"timestamp":"2025-06-30T05:17:42.318318Z","level":"info","event":"scipy                                     1.15.2","chan":"stdout","logger":"task"}
{"timestamp":"2025-06-30T05:17:42.318380Z","level":"info","event":"scramp                                    1.4.5","chan":"stdout","logger":"task"}
{"timestamp":"2025-06-30T05:17:42.318472Z","level":"info","event":"sendgrid                                  6.11.0","chan":"stdout","logger":"task"}
{"timestamp":"2025-06-30T05:17:42.318556Z","level":"info","event":"setproctitle                              1.3.5","chan":"stdout","logger":"task"}
{"timestamp":"2025-06-30T05:17:42.318614Z","level":"info","event":"setuptools                                78.1.0","chan":"stdout","logger":"task"}
{"timestamp":"2025-06-30T05:17:42.318673Z","level":"info","event":"shapely                                   2.1.0","chan":"stdout","logger":"task"}
{"timestamp":"2025-06-30T05:17:42.318739Z","level":"info","event":"shellingham                               1.5.4","chan":"stdout","logger":"task"}
{"timestamp":"2025-06-30T05:17:42.318806Z","level":"info","event":"six                                       1.17.0","chan":"stdout","logger":"task"}
{"timestamp":"2025-06-30T05:17:42.318881Z","level":"info","event":"slack_sdk                                 3.35.0","chan":"stdout","logger":"task"}
{"timestamp":"2025-06-30T05:17:42.318937Z","level":"info","event":"smmap                                     5.0.2","chan":"stdout","logger":"task"}
{"timestamp":"2025-06-30T05:17:42.318999Z","level":"info","event":"sniffio                                   1.3.1","chan":"stdout","logger":"task"}
{"timestamp":"2025-06-30T05:17:42.319130Z","level":"info","event":"snowflake-connector-python                3.14.1","chan":"stdout","logger":"task"}
{"timestamp":"2025-06-30T05:17:42.319203Z","level":"info","event":"snowflake-sqlalchemy                      1.7.3","chan":"stdout","logger":"task"}
{"timestamp":"2025-06-30T05:17:42.319267Z","level":"info","event":"sortedcontainers                          2.4.0","chan":"stdout","logger":"task"}
{"timestamp":"2025-06-30T05:17:42.319331Z","level":"info","event":"soupsieve                                 2.7","chan":"stdout","logger":"task"}
{"timestamp":"2025-06-30T05:17:42.319396Z","level":"info","event":"SQLAlchemy                                1.4.54","chan":"stdout","logger":"task"}
{"timestamp":"2025-06-30T05:17:42.319468Z","level":"info","event":"sqlalchemy-bigquery                       1.13.0","chan":"stdout","logger":"task"}
{"timestamp":"2025-06-30T05:17:42.319559Z","level":"info","event":"SQLAlchemy-JSONField                      1.0.2","chan":"stdout","logger":"task"}
{"timestamp":"2025-06-30T05:17:42.319628Z","level":"info","event":"sqlalchemy-spanner                        1.10.0","chan":"stdout","logger":"task"}
{"timestamp":"2025-06-30T05:17:42.319711Z","level":"info","event":"SQLAlchemy-Utils                          0.41.2","chan":"stdout","logger":"task"}
{"timestamp":"2025-06-30T05:17:42.319789Z","level":"info","event":"sqlparse                                  0.5.3","chan":"stdout","logger":"task"}
{"timestamp":"2025-06-30T05:17:42.319868Z","level":"info","event":"sshtunnel                                 0.4.0","chan":"stdout","logger":"task"}
{"timestamp":"2025-06-30T05:17:42.319941Z","level":"info","event":"starkbank-ecdsa                           2.2.0","chan":"stdout","logger":"task"}
{"timestamp":"2025-06-30T05:17:42.320006Z","level":"info","event":"starlette                                 0.46.2","chan":"stdout","logger":"task"}
{"timestamp":"2025-06-30T05:17:42.320070Z","level":"info","event":"statsd                                    4.0.1","chan":"stdout","logger":"task"}
{"timestamp":"2025-06-30T05:17:42.320151Z","level":"info","event":"std-uritemplate                           2.0.3","chan":"stdout","logger":"task"}
{"timestamp":"2025-06-30T05:17:42.320217Z","level":"info","event":"structlog                                 25.2.0","chan":"stdout","logger":"task"}
{"timestamp":"2025-06-30T05:17:42.320275Z","level":"info","event":"svcs                                      25.1.0","chan":"stdout","logger":"task"}
{"timestamp":"2025-06-30T05:17:42.320348Z","level":"info","event":"tabulate                                  0.9.0","chan":"stdout","logger":"task"}
{"timestamp":"2025-06-30T05:17:42.320413Z","level":"info","event":"tenacity                                  9.1.2","chan":"stdout","logger":"task"}
{"timestamp":"2025-06-30T05:17:42.320476Z","level":"info","event":"termcolor                                 3.0.1","chan":"stdout","logger":"task"}
{"timestamp":"2025-06-30T05:17:42.320557Z","level":"info","event":"text-unidecode                            1.3","chan":"stdout","logger":"task"}
{"timestamp":"2025-06-30T05:17:42.320629Z","level":"info","event":"threadpoolctl                             3.6.0","chan":"stdout","logger":"task"}
{"timestamp":"2025-06-30T05:17:42.320708Z","level":"info","event":"tomlkit                                   0.13.2","chan":"stdout","logger":"task"}
{"timestamp":"2025-06-30T05:17:42.320786Z","level":"info","event":"tornado                                   6.4.2","chan":"stdout","logger":"task"}
{"timestamp":"2025-06-30T05:17:42.320843Z","level":"info","event":"tqdm                                      4.67.1","chan":"stdout","logger":"task"}
{"timestamp":"2025-06-30T05:17:42.320910Z","level":"info","event":"typer                                     0.15.2","chan":"stdout","logger":"task"}
{"timestamp":"2025-06-30T05:17:42.320977Z","level":"info","event":"types-protobuf                            5.29.1.20250403","chan":"stdout","logger":"task"}
{"timestamp":"2025-06-30T05:17:42.321052Z","level":"info","event":"types-requests                            2.32.0.20250328","chan":"stdout","logger":"task"}
{"timestamp":"2025-06-30T05:17:42.321174Z","level":"info","event":"typing_extensions                         4.13.2","chan":"stdout","logger":"task"}
{"timestamp":"2025-06-30T05:17:42.321252Z","level":"info","event":"typing-inspection                         0.4.0","chan":"stdout","logger":"task"}
{"timestamp":"2025-06-30T05:17:42.321320Z","level":"info","event":"tzdata                                    2025.2","chan":"stdout","logger":"task"}
{"timestamp":"2025-06-30T05:17:42.321381Z","level":"info","event":"uc-micro-py                               1.0.3","chan":"stdout","logger":"task"}
{"timestamp":"2025-06-30T05:17:42.321454Z","level":"info","event":"universal_pathlib                         0.2.6","chan":"stdout","logger":"task"}
{"timestamp":"2025-06-30T05:17:42.321523Z","level":"info","event":"uritemplate                               4.1.1","chan":"stdout","logger":"task"}
{"timestamp":"2025-06-30T05:17:42.321586Z","level":"info","event":"urllib3                                   2.4.0","chan":"stdout","logger":"task"}
{"timestamp":"2025-06-30T05:17:42.321639Z","level":"info","event":"uuid6                                     2024.7.10","chan":"stdout","logger":"task"}
{"timestamp":"2025-06-30T05:17:42.321695Z","level":"info","event":"uv                                        0.6.13","chan":"stdout","logger":"task"}
{"timestamp":"2025-06-30T05:17:42.321771Z","level":"info","event":"uvicorn                                   0.34.2","chan":"stdout","logger":"task"}
{"timestamp":"2025-06-30T05:17:42.321843Z","level":"info","event":"uvloop                                    0.21.0","chan":"stdout","logger":"task"}
{"timestamp":"2025-06-30T05:17:42.321919Z","level":"info","event":"vine                                      5.1.0","chan":"stdout","logger":"task"}
{"timestamp":"2025-06-30T05:17:42.321991Z","level":"info","event":"watchfiles                                1.0.5","chan":"stdout","logger":"task"}
{"timestamp":"2025-06-30T05:17:42.322064Z","level":"info","event":"watchtower                                3.4.0","chan":"stdout","logger":"task"}
{"timestamp":"2025-06-30T05:17:42.322133Z","level":"info","event":"wcwidth                                   0.2.13","chan":"stdout","logger":"task"}
{"timestamp":"2025-06-30T05:17:42.322208Z","level":"info","event":"websocket-client                          1.8.0","chan":"stdout","logger":"task"}
{"timestamp":"2025-06-30T05:17:42.322286Z","level":"info","event":"websockets                                15.0.1","chan":"stdout","logger":"task"}
{"timestamp":"2025-06-30T05:17:42.322355Z","level":"info","event":"Werkzeug                                  2.2.3","chan":"stdout","logger":"task"}
{"timestamp":"2025-06-30T05:17:42.322433Z","level":"info","event":"wirerope                                  1.0.0","chan":"stdout","logger":"task"}
{"timestamp":"2025-06-30T05:17:42.322518Z","level":"info","event":"wrapt                                     1.17.2","chan":"stdout","logger":"task"}
{"timestamp":"2025-06-30T05:17:42.322614Z","level":"info","event":"WTForms                                   3.2.1","chan":"stdout","logger":"task"}
{"timestamp":"2025-06-30T05:17:42.322685Z","level":"info","event":"xmlsec                                    1.3.14","chan":"stdout","logger":"task"}
{"timestamp":"2025-06-30T05:17:42.322768Z","level":"info","event":"yarl                                      1.20.0","chan":"stdout","logger":"task"}
{"timestamp":"2025-06-30T05:17:42.322840Z","level":"info","event":"zipp                                      3.21.0","chan":"stdout","logger":"task"}
{"timestamp":"2025-06-30T05:17:42.322922Z","level":"info","event":"zope.event                                5.0","chan":"stdout","logger":"task"}
{"timestamp":"2025-06-30T05:17:42.322993Z","level":"info","event":"zope.interface                            7.2","chan":"stdout","logger":"task"}
{"timestamp":"2025-06-30T05:17:42.323072Z","level":"info","event":"","chan":"stdout","logger":"task"}
{"timestamp":"2025-06-30T05:17:42.323185Z","level":"info","event":"==================================================","chan":"stdout","logger":"task"}
{"timestamp":"2025-06-30T05:17:42.323252Z","level":"info","event":"Task instance in success state","chan":"stdout","logger":"task"}
{"timestamp":"2025-06-30T05:17:42.323322Z","level":"info","event":" Previous state of the Task instance: running","chan":"stdout","logger":"task"}
{"timestamp":"2025-06-30T05:17:42.323381Z","level":"info","event":"Task operator:<Task(PythonOperator): print_installed_packages>","chan":"stdout","logger":"task"}
